{"/root/.openclaw/workspace/projects/dashboard-openclaw/app/src/gate-center-status.js": {"path":"/root/.openclaw/workspace/projects/dashboard-openclaw/app/src/gate-center-status.js","statementMap":{"0":{"start":{"line":3,"column":19},"end":{"line":3,"column":64}},"1":{"start":{"line":4,"column":23},"end":{"line":4,"column":55}},"2":{"start":{"line":5,"column":17},"end":{"line":5,"column":60}},"3":{"start":{"line":6,"column":19},"end":{"line":6,"column":56}},"4":{"start":{"line":8,"column":21},"end":{"line":32,"column":2}},"5":{"start":{"line":34,"column":24},"end":{"line":34,"column":45}},"6":{"start":{"line":36,"column":39},"end":{"line":56,"column":2}},"7":{"start":{"line":58,"column":25},"end":{"line":81,"column":2}},"8":{"start":{"line":83,"column":31},"end":{"line":83,"column":36}},"9":{"start":{"line":86,"column":2},"end":{"line":86,"column":null}},"10":{"start":{"line":90,"column":2},"end":{"line":92,"column":null}},"11":{"start":{"line":91,"column":4},"end":{"line":91,"column":null}},"12":{"start":{"line":91,"column":32},"end":{"line":91,"column":49}},"13":{"start":{"line":94,"column":2},"end":{"line":102,"column":null}},"14":{"start":{"line":95,"column":18},"end":{"line":95,"column":20}},"15":{"start":{"line":97,"column":4},"end":{"line":99,"column":null}},"16":{"start":{"line":98,"column":6},"end":{"line":98,"column":null}},"17":{"start":{"line":101,"column":4},"end":{"line":101,"column":null}},"18":{"start":{"line":104,"column":2},"end":{"line":104,"column":null}},"19":{"start":{"line":108,"column":2},"end":{"line":110,"column":null}},"20":{"start":{"line":109,"column":4},"end":{"line":109,"column":null}},"21":{"start":{"line":112,"column":2},"end":{"line":112,"column":null}},"22":{"start":{"line":116,"column":2},"end":{"line":118,"column":null}},"23":{"start":{"line":117,"column":4},"end":{"line":117,"column":null}},"24":{"start":{"line":120,"column":17},"end":{"line":120,"column":19}},"25":{"start":{"line":121,"column":15},"end":{"line":121,"column":24}},"26":{"start":{"line":123,"column":2},"end":{"line":132,"column":null}},"27":{"start":{"line":124,"column":23},"end":{"line":124,"column":57}},"28":{"start":{"line":126,"column":4},"end":{"line":128,"column":null}},"29":{"start":{"line":127,"column":6},"end":{"line":127,"column":null}},"30":{"start":{"line":130,"column":4},"end":{"line":130,"column":null}},"31":{"start":{"line":131,"column":4},"end":{"line":131,"column":null}},"32":{"start":{"line":134,"column":2},"end":{"line":134,"column":null}},"33":{"start":{"line":134,"column":38},"end":{"line":134,"column":63}},"34":{"start":{"line":138,"column":21},"end":{"line":138,"column":41}},"35":{"start":{"line":140,"column":2},"end":{"line":142,"column":null}},"36":{"start":{"line":141,"column":4},"end":{"line":141,"column":null}},"37":{"start":{"line":144,"column":2},"end":{"line":144,"column":null}},"38":{"start":{"line":148,"column":21},"end":{"line":148,"column":55}},"39":{"start":{"line":150,"column":2},"end":{"line":152,"column":null}},"40":{"start":{"line":151,"column":4},"end":{"line":151,"column":null}},"41":{"start":{"line":154,"column":2},"end":{"line":154,"column":null}},"42":{"start":{"line":158,"column":21},"end":{"line":158,"column":55}},"43":{"start":{"line":160,"column":2},"end":{"line":162,"column":null}},"44":{"start":{"line":161,"column":4},"end":{"line":161,"column":null}},"45":{"start":{"line":164,"column":2},"end":{"line":164,"column":null}},"46":{"start":{"line":168,"column":2},"end":{"line":171,"column":null}},"47":{"start":{"line":169,"column":19},"end":{"line":169,"column":34}},"48":{"start":{"line":170,"column":4},"end":{"line":170,"column":null}},"49":{"start":{"line":173,"column":2},"end":{"line":175,"column":null}},"50":{"start":{"line":174,"column":4},"end":{"line":174,"column":null}},"51":{"start":{"line":177,"column":2},"end":{"line":186,"column":null}},"52":{"start":{"line":178,"column":23},"end":{"line":178,"column":35}},"53":{"start":{"line":180,"column":4},"end":{"line":182,"column":null}},"54":{"start":{"line":181,"column":6},"end":{"line":181,"column":null}},"55":{"start":{"line":184,"column":19},"end":{"line":184,"column":41}},"56":{"start":{"line":185,"column":4},"end":{"line":185,"column":null}},"57":{"start":{"line":188,"column":2},"end":{"line":188,"column":null}},"58":{"start":{"line":192,"column":2},"end":{"line":192,"column":null}},"59":{"start":{"line":196,"column":16},"end":{"line":196,"column":35}},"60":{"start":{"line":197,"column":14},"end":{"line":197,"column":31}},"61":{"start":{"line":198,"column":20},"end":{"line":198,"column":54}},"62":{"start":{"line":199,"column":19},"end":{"line":199,"column":61}},"63":{"start":{"line":201,"column":2},"end":{"line":203,"column":null}},"64":{"start":{"line":202,"column":4},"end":{"line":202,"column":null}},"65":{"start":{"line":205,"column":2},"end":{"line":205,"column":null}},"66":{"start":{"line":209,"column":2},"end":{"line":211,"column":null}},"67":{"start":{"line":210,"column":4},"end":{"line":210,"column":null}},"68":{"start":{"line":213,"column":17},"end":{"line":213,"column":95}},"69":{"start":{"line":213,"column":45},"end":{"line":213,"column":58}},"70":{"start":{"line":213,"column":82},"end":{"line":213,"column":94}},"71":{"start":{"line":214,"column":16},"end":{"line":214,"column":68}},"72":{"start":{"line":215,"column":16},"end":{"line":215,"column":52}},"73":{"start":{"line":217,"column":2},"end":{"line":217,"column":null}},"74":{"start":{"line":221,"column":2},"end":{"line":221,"column":null}},"75":{"start":{"line":221,"column":83},"end":{"line":221,"column":93}},"76":{"start":{"line":225,"column":20},"end":{"line":225,"column":97}},"77":{"start":{"line":227,"column":2},"end":{"line":232,"column":null}},"78":{"start":{"line":228,"column":4},"end":{"line":231,"column":null}},"79":{"start":{"line":234,"column":2},"end":{"line":237,"column":null}},"80":{"start":{"line":241,"column":21},"end":{"line":241,"column":54}},"81":{"start":{"line":243,"column":2},"end":{"line":245,"column":null}},"82":{"start":{"line":244,"column":4},"end":{"line":244,"column":null}},"83":{"start":{"line":247,"column":2},"end":{"line":247,"column":null}},"84":{"start":{"line":247,"column":58},"end":{"line":247,"column":83}},"85":{"start":{"line":251,"column":2},"end":{"line":256,"column":null}},"86":{"start":{"line":252,"column":4},"end":{"line":255,"column":null}},"87":{"start":{"line":258,"column":2},"end":{"line":263,"column":null}},"88":{"start":{"line":259,"column":4},"end":{"line":262,"column":null}},"89":{"start":{"line":265,"column":21},"end":{"line":265,"column":59}},"90":{"start":{"line":267,"column":2},"end":{"line":272,"column":null}},"91":{"start":{"line":268,"column":4},"end":{"line":271,"column":null}},"92":{"start":{"line":275,"column":4},"end":{"line":275,"column":75}},"93":{"start":{"line":277,"column":2},"end":{"line":297,"column":null}},"94":{"start":{"line":278,"column":4},"end":{"line":283,"column":null}},"95":{"start":{"line":279,"column":6},"end":{"line":282,"column":null}},"96":{"start":{"line":285,"column":4},"end":{"line":296,"column":null}},"97":{"start":{"line":299,"column":2},"end":{"line":304,"column":null}},"98":{"start":{"line":300,"column":4},"end":{"line":303,"column":null}},"99":{"start":{"line":306,"column":2},"end":{"line":311,"column":null}},"100":{"start":{"line":307,"column":4},"end":{"line":310,"column":null}},"101":{"start":{"line":313,"column":2},"end":{"line":322,"column":null}},"102":{"start":{"line":318,"column":4},"end":{"line":321,"column":null}},"103":{"start":{"line":324,"column":2},"end":{"line":335,"column":null}},"104":{"start":{"line":332,"column":46},"end":{"line":332,"column":63}},"105":{"start":{"line":339,"column":2},"end":{"line":341,"column":null}},"106":{"start":{"line":340,"column":4},"end":{"line":340,"column":null}},"107":{"start":{"line":343,"column":2},"end":{"line":369,"column":null}},"108":{"start":{"line":344,"column":4},"end":{"line":349,"column":null}},"109":{"start":{"line":345,"column":6},"end":{"line":348,"column":null}},"110":{"start":{"line":351,"column":29},"end":{"line":353,"column":10}},"111":{"start":{"line":357,"column":4},"end":{"line":366,"column":null}},"112":{"start":{"line":358,"column":6},"end":{"line":358,"column":null}},"113":{"start":{"line":360,"column":22},"end":{"line":360,"column":76}},"114":{"start":{"line":362,"column":6},"end":{"line":365,"column":null}},"115":{"start":{"line":368,"column":4},"end":{"line":368,"column":null}},"116":{"start":{"line":371,"column":2},"end":{"line":375,"column":null}},"117":{"start":{"line":379,"column":25},"end":{"line":379,"column":60}},"118":{"start":{"line":381,"column":2},"end":{"line":383,"column":null}},"119":{"start":{"line":382,"column":4},"end":{"line":382,"column":null}},"120":{"start":{"line":385,"column":2},"end":{"line":387,"column":null}},"121":{"start":{"line":386,"column":4},"end":{"line":386,"column":null}},"122":{"start":{"line":389,"column":21},"end":{"line":389,"column":64}},"123":{"start":{"line":391,"column":2},"end":{"line":393,"column":null}},"124":{"start":{"line":392,"column":4},"end":{"line":392,"column":null}},"125":{"start":{"line":395,"column":2},"end":{"line":397,"column":null}},"126":{"start":{"line":396,"column":4},"end":{"line":396,"column":null}},"127":{"start":{"line":399,"column":2},"end":{"line":399,"column":null}},"128":{"start":{"line":403,"column":2},"end":{"line":405,"column":null}},"129":{"start":{"line":404,"column":4},"end":{"line":404,"column":null}},"130":{"start":{"line":407,"column":25},"end":{"line":407,"column":78}},"131":{"start":{"line":409,"column":2},"end":{"line":411,"column":null}},"132":{"start":{"line":410,"column":4},"end":{"line":410,"column":null}},"133":{"start":{"line":413,"column":2},"end":{"line":413,"column":null}},"134":{"start":{"line":417,"column":2},"end":{"line":422,"column":null}},"135":{"start":{"line":418,"column":4},"end":{"line":421,"column":null}},"136":{"start":{"line":424,"column":17},"end":{"line":424,"column":72}},"137":{"start":{"line":426,"column":2},"end":{"line":431,"column":null}},"138":{"start":{"line":427,"column":4},"end":{"line":430,"column":null}},"139":{"start":{"line":433,"column":23},"end":{"line":433,"column":73}},"140":{"start":{"line":435,"column":2},"end":{"line":440,"column":null}},"141":{"start":{"line":436,"column":4},"end":{"line":439,"column":null}},"142":{"start":{"line":442,"column":17},"end":{"line":442,"column":54}},"143":{"start":{"line":443,"column":16},"end":{"line":443,"column":56}},"144":{"start":{"line":444,"column":22},"end":{"line":446,"column":3}},"145":{"start":{"line":448,"column":29},"end":{"line":448,"column":65}},"146":{"start":{"line":449,"column":27},"end":{"line":449,"column":70}},"147":{"start":{"line":451,"column":2},"end":{"line":456,"column":null}},"148":{"start":{"line":452,"column":4},"end":{"line":455,"column":null}},"149":{"start":{"line":458,"column":21},"end":{"line":458,"column":74}},"150":{"start":{"line":461,"column":4},"end":{"line":463,"column":68}},"151":{"start":{"line":465,"column":2},"end":{"line":479,"column":null}},"152":{"start":{"line":483,"column":20},"end":{"line":483,"column":22}},"153":{"start":{"line":485,"column":2},"end":{"line":496,"column":null}},"154":{"start":{"line":485,"column":19},"end":{"line":485,"column":20}},"155":{"start":{"line":486,"column":23},"end":{"line":489,"column":5}},"156":{"start":{"line":491,"column":4},"end":{"line":493,"column":null}},"157":{"start":{"line":492,"column":6},"end":{"line":492,"column":null}},"158":{"start":{"line":495,"column":4},"end":{"line":495,"column":null}},"159":{"start":{"line":498,"column":2},"end":{"line":509,"column":null}},"160":{"start":{"line":499,"column":23},"end":{"line":502,"column":5}},"161":{"start":{"line":504,"column":4},"end":{"line":506,"column":null}},"162":{"start":{"line":505,"column":6},"end":{"line":505,"column":null}},"163":{"start":{"line":508,"column":4},"end":{"line":508,"column":null}},"164":{"start":{"line":511,"column":2},"end":{"line":531,"column":null}},"165":{"start":{"line":512,"column":4},"end":{"line":517,"column":null}},"166":{"start":{"line":513,"column":6},"end":{"line":516,"column":null}},"167":{"start":{"line":519,"column":4},"end":{"line":530,"column":null}},"168":{"start":{"line":519,"column":21},"end":{"line":519,"column":22}},"169":{"start":{"line":520,"column":25},"end":{"line":523,"column":7}},"170":{"start":{"line":525,"column":6},"end":{"line":527,"column":null}},"171":{"start":{"line":526,"column":8},"end":{"line":526,"column":null}},"172":{"start":{"line":529,"column":6},"end":{"line":529,"column":null}},"173":{"start":{"line":533,"column":2},"end":{"line":536,"column":null}},"174":{"start":{"line":540,"column":2},"end":{"line":542,"column":null}},"175":{"start":{"line":541,"column":4},"end":{"line":541,"column":null}},"176":{"start":{"line":544,"column":22},"end":{"line":544,"column":51}},"177":{"start":{"line":545,"column":20},"end":{"line":545,"column":47}},"178":{"start":{"line":546,"column":25},"end":{"line":546,"column":53}},"179":{"start":{"line":547,"column":23},"end":{"line":547,"column":49}},"180":{"start":{"line":549,"column":2},"end":{"line":551,"column":null}},"181":{"start":{"line":550,"column":4},"end":{"line":550,"column":null}},"182":{"start":{"line":553,"column":2},"end":{"line":555,"column":null}},"183":{"start":{"line":554,"column":4},"end":{"line":554,"column":null}},"184":{"start":{"line":557,"column":2},"end":{"line":559,"column":null}},"185":{"start":{"line":558,"column":4},"end":{"line":558,"column":null}},"186":{"start":{"line":561,"column":2},"end":{"line":561,"column":null}},"187":{"start":{"line":565,"column":19},"end":{"line":565,"column":28}},"188":{"start":{"line":567,"column":2},"end":{"line":573,"column":null}},"189":{"start":{"line":568,"column":20},"end":{"line":568,"column":49}},"190":{"start":{"line":570,"column":4},"end":{"line":572,"column":null}},"191":{"start":{"line":571,"column":6},"end":{"line":571,"column":null}},"192":{"start":{"line":575,"column":2},"end":{"line":575,"column":null}},"193":{"start":{"line":579,"column":2},"end":{"line":589,"column":null}},"194":{"start":{"line":593,"column":23},"end":{"line":593,"column":25}},"195":{"start":{"line":595,"column":21},"end":{"line":611,"column":4}},"196":{"start":{"line":596,"column":24},"end":{"line":596,"column":31}},"197":{"start":{"line":597,"column":21},"end":{"line":597,"column":74}},"198":{"start":{"line":599,"column":17},"end":{"line":607,"column":5}},"199":{"start":{"line":609,"column":4},"end":{"line":609,"column":null}},"200":{"start":{"line":610,"column":4},"end":{"line":610,"column":null}},"201":{"start":{"line":613,"column":19},"end":{"line":629,"column":4}},"202":{"start":{"line":614,"column":24},"end":{"line":614,"column":31}},"203":{"start":{"line":615,"column":21},"end":{"line":615,"column":80}},"204":{"start":{"line":617,"column":20},"end":{"line":625,"column":5}},"205":{"start":{"line":627,"column":4},"end":{"line":627,"column":null}},"206":{"start":{"line":628,"column":4},"end":{"line":628,"column":null}},"207":{"start":{"line":631,"column":2},"end":{"line":635,"column":null}},"208":{"start":{"line":639,"column":24},"end":{"line":639,"column":26}},"209":{"start":{"line":641,"column":18},"end":{"line":653,"column":3}},"210":{"start":{"line":642,"column":4},"end":{"line":644,"column":null}},"211":{"start":{"line":643,"column":6},"end":{"line":643,"column":null}},"212":{"start":{"line":646,"column":4},"end":{"line":648,"column":null}},"213":{"start":{"line":647,"column":6},"end":{"line":647,"column":null}},"214":{"start":{"line":650,"column":4},"end":{"line":652,"column":null}},"215":{"start":{"line":651,"column":6},"end":{"line":651,"column":null}},"216":{"start":{"line":655,"column":2},"end":{"line":657,"column":null}},"217":{"start":{"line":656,"column":4},"end":{"line":656,"column":null}},"218":{"start":{"line":659,"column":2},"end":{"line":661,"column":null}},"219":{"start":{"line":660,"column":4},"end":{"line":660,"column":null}},"220":{"start":{"line":663,"column":2},"end":{"line":663,"column":null}},"221":{"start":{"line":667,"column":2},"end":{"line":669,"column":null}},"222":{"start":{"line":667,"column":31},"end":{"line":667,"column":52}},"223":{"start":{"line":668,"column":4},"end":{"line":668,"column":null}},"224":{"start":{"line":671,"column":2},"end":{"line":673,"column":null}},"225":{"start":{"line":671,"column":32},"end":{"line":671,"column":55}},"226":{"start":{"line":672,"column":4},"end":{"line":672,"column":null}},"227":{"start":{"line":675,"column":2},"end":{"line":677,"column":null}},"228":{"start":{"line":675,"column":31},"end":{"line":675,"column":54}},"229":{"start":{"line":676,"column":4},"end":{"line":676,"column":null}},"230":{"start":{"line":679,"column":2},"end":{"line":679,"column":null}},"231":{"start":{"line":683,"column":2},"end":{"line":683,"column":null}},"232":{"start":{"line":683,"column":34},"end":{"line":683,"column":57}},"233":{"start":{"line":687,"column":19},"end":{"line":687,"column":20}},"234":{"start":{"line":689,"column":18},"end":{"line":699,"column":3}},"235":{"start":{"line":690,"column":24},"end":{"line":690,"column":57}},"236":{"start":{"line":692,"column":4},"end":{"line":694,"column":null}},"237":{"start":{"line":693,"column":6},"end":{"line":693,"column":null}},"238":{"start":{"line":696,"column":4},"end":{"line":698,"column":null}},"239":{"start":{"line":697,"column":6},"end":{"line":697,"column":null}},"240":{"start":{"line":701,"column":2},"end":{"line":703,"column":null}},"241":{"start":{"line":702,"column":4},"end":{"line":702,"column":null}},"242":{"start":{"line":705,"column":2},"end":{"line":707,"column":null}},"243":{"start":{"line":706,"column":4},"end":{"line":706,"column":null}},"244":{"start":{"line":709,"column":2},"end":{"line":709,"column":null}},"245":{"start":{"line":721,"column":2},"end":{"line":736,"column":null}},"246":{"start":{"line":733,"column":42},"end":{"line":733,"column":59}},"247":{"start":{"line":734,"column":38},"end":{"line":734,"column":55}},"248":{"start":{"line":749,"column":2},"end":{"line":764,"column":null}},"249":{"start":{"line":768,"column":2},"end":{"line":783,"column":null}},"250":{"start":{"line":787,"column":18},"end":{"line":787,"column":46}},"251":{"start":{"line":788,"column":25},"end":{"line":788,"column":57}},"252":{"start":{"line":789,"column":16},"end":{"line":789,"column":50}},"253":{"start":{"line":790,"column":22},"end":{"line":790,"column":29}},"254":{"start":{"line":792,"column":27},"end":{"line":792,"column":65}},"255":{"start":{"line":794,"column":2},"end":{"line":799,"column":null}},"256":{"start":{"line":795,"column":4},"end":{"line":798,"column":null}},"257":{"start":{"line":801,"column":2},"end":{"line":809,"column":null}},"258":{"start":{"line":802,"column":4},"end":{"line":808,"column":null}},"259":{"start":{"line":811,"column":26},"end":{"line":811,"column":70}},"260":{"start":{"line":813,"column":2},"end":{"line":819,"column":null}},"261":{"start":{"line":814,"column":4},"end":{"line":818,"column":null}},"262":{"start":{"line":821,"column":29},"end":{"line":821,"column":72}},"263":{"start":{"line":823,"column":2},"end":{"line":829,"column":null}},"264":{"start":{"line":824,"column":4},"end":{"line":828,"column":null}},"265":{"start":{"line":831,"column":19},"end":{"line":831,"column":71}},"266":{"start":{"line":832,"column":26},"end":{"line":832,"column":69}},"267":{"start":{"line":834,"column":21},"end":{"line":834,"column":47}},"268":{"start":{"line":835,"column":19},"end":{"line":835,"column":43}},"269":{"start":{"line":836,"column":23},"end":{"line":836,"column":51}},"270":{"start":{"line":838,"column":21},"end":{"line":838,"column":97}},"271":{"start":{"line":839,"column":21},"end":{"line":839,"column":55}},"272":{"start":{"line":840,"column":21},"end":{"line":840,"column":56}},"273":{"start":{"line":842,"column":24},"end":{"line":842,"column":69}},"274":{"start":{"line":844,"column":2},"end":{"line":874,"column":null}},"275":{"start":{"line":846,"column":6},"end":{"line":847,"column":81}},"276":{"start":{"line":849,"column":30},"end":{"line":852,"column":5}},"277":{"start":{"line":854,"column":4},"end":{"line":856,"column":null}},"278":{"start":{"line":855,"column":6},"end":{"line":855,"column":null}},"279":{"start":{"line":858,"column":4},"end":{"line":873,"column":null}},"280":{"start":{"line":876,"column":13},"end":{"line":876,"column":62}},"281":{"start":{"line":876,"column":40},"end":{"line":876,"column":61}},"282":{"start":{"line":877,"column":27},"end":{"line":877,"column":59}},"283":{"start":{"line":879,"column":2},"end":{"line":906,"column":null}},"284":{"start":{"line":880,"column":30},"end":{"line":883,"column":5}},"285":{"start":{"line":885,"column":4},"end":{"line":887,"column":null}},"286":{"start":{"line":886,"column":6},"end":{"line":886,"column":null}},"287":{"start":{"line":889,"column":4},"end":{"line":905,"column":null}},"288":{"start":{"line":908,"column":28},"end":{"line":911,"column":4}},"289":{"start":{"line":913,"column":2},"end":{"line":915,"column":null}},"290":{"start":{"line":914,"column":4},"end":{"line":914,"column":null}},"291":{"start":{"line":917,"column":2},"end":{"line":934,"column":null}}},"fnMap":{"0":{"name":"isObject","decl":{"start":{"line":85,"column":9},"end":{"line":85,"column":17}},"loc":{"start":{"line":85,"column":25},"end":{"line":87,"column":null}},"line":85},"1":{"name":"cloneValue","decl":{"start":{"line":89,"column":9},"end":{"line":89,"column":19}},"loc":{"start":{"line":89,"column":27},"end":{"line":105,"column":null}},"line":89},"2":{"name":"(anonymous_2)","decl":{"start":{"line":91,"column":21},"end":{"line":91,"column":22}},"loc":{"start":{"line":91,"column":32},"end":{"line":91,"column":49}},"line":91},"3":{"name":"normalizeText","decl":{"start":{"line":107,"column":9},"end":{"line":107,"column":22}},"loc":{"start":{"line":107,"column":30},"end":{"line":113,"column":null}},"line":107},"4":{"name":"normalizeArray","decl":{"start":{"line":115,"column":9},"end":{"line":115,"column":23}},"loc":{"start":{"line":115,"column":31},"end":{"line":135,"column":null}},"line":115},"5":{"name":"(anonymous_5)","decl":{"start":{"line":134,"column":21},"end":{"line":134,"column":22}},"loc":{"start":{"line":134,"column":38},"end":{"line":134,"column":63}},"line":134},"6":{"name":"normalizeReasonCode","decl":{"start":{"line":137,"column":9},"end":{"line":137,"column":28}},"loc":{"start":{"line":137,"column":36},"end":{"line":145,"column":null}},"line":137},"7":{"name":"normalizeStatus","decl":{"start":{"line":147,"column":9},"end":{"line":147,"column":24}},"loc":{"start":{"line":147,"column":32},"end":{"line":155,"column":null}},"line":147},"8":{"name":"normalizeGateId","decl":{"start":{"line":157,"column":9},"end":{"line":157,"column":24}},"loc":{"start":{"line":157,"column":32},"end":{"line":165,"column":null}},"line":157},"9":{"name":"parseTimestampMs","decl":{"start":{"line":167,"column":9},"end":{"line":167,"column":25}},"loc":{"start":{"line":167,"column":33},"end":{"line":189,"column":null}},"line":167},"10":{"name":"toIso","decl":{"start":{"line":191,"column":9},"end":{"line":191,"column":14}},"loc":{"start":{"line":191,"column":24},"end":{"line":193,"column":null}},"line":191},"11":{"name":"toDurationMs","decl":{"start":{"line":195,"column":9},"end":{"line":195,"column":21}},"loc":{"start":{"line":195,"column":46},"end":{"line":206,"column":null}},"line":195},"12":{"name":"computePercentile","decl":{"start":{"line":208,"column":9},"end":{"line":208,"column":26}},"loc":{"start":{"line":208,"column":48},"end":{"line":218,"column":null}},"line":208},"13":{"name":"(anonymous_13)","decl":{"start":{"line":213,"column":34},"end":{"line":213,"column":35}},"loc":{"start":{"line":213,"column":45},"end":{"line":213,"column":58}},"line":213},"14":{"name":"(anonymous_14)","decl":{"start":{"line":213,"column":65},"end":{"line":213,"column":66}},"loc":{"start":{"line":213,"column":82},"end":{"line":213,"column":94}},"line":213},"15":{"name":"resolveNowProvider","decl":{"start":{"line":220,"column":9},"end":{"line":220,"column":27}},"loc":{"start":{"line":220,"column":44},"end":{"line":222,"column":null}},"line":220},"16":{"name":"(anonymous_16)","decl":{"start":{"line":221,"column":77},"end":{"line":221,"column":78}},"loc":{"start":{"line":221,"column":83},"end":{"line":221,"column":93}},"line":221},"17":{"name":"resolveStaleAfterMs","decl":{"start":{"line":224,"column":9},"end":{"line":224,"column":28}},"loc":{"start":{"line":224,"column":54},"end":{"line":238,"column":null}},"line":224},"18":{"name":"normalizeCorrectiveActions","decl":{"start":{"line":240,"column":9},"end":{"line":240,"column":35}},"loc":{"start":{"line":240,"column":67},"end":{"line":248,"column":null}},"line":240},"19":{"name":"(anonymous_19)","decl":{"start":{"line":247,"column":47},"end":{"line":247,"column":48}},"loc":{"start":{"line":247,"column":58},"end":{"line":247,"column":83}},"line":247},"20":{"name":"normalizeGovernanceDecisionResult","decl":{"start":{"line":250,"column":9},"end":{"line":250,"column":42}},"loc":{"start":{"line":250,"column":51},"end":{"line":336,"column":null}},"line":250},"21":{"name":"(anonymous_21)","decl":{"start":{"line":332,"column":35},"end":{"line":332,"column":36}},"loc":{"start":{"line":332,"column":46},"end":{"line":332,"column":63}},"line":332},"22":{"name":"resolveSource","decl":{"start":{"line":338,"column":9},"end":{"line":338,"column":22}},"loc":{"start":{"line":338,"column":48},"end":{"line":376,"column":null}},"line":338},"23":{"name":"deriveStatusFromSnapshot","decl":{"start":{"line":378,"column":9},"end":{"line":378,"column":33}},"loc":{"start":{"line":378,"column":47},"end":{"line":400,"column":null}},"line":378},"24":{"name":"normalizeSnapshotParentGateId","decl":{"start":{"line":402,"column":9},"end":{"line":402,"column":38}},"loc":{"start":{"line":402,"column":60},"end":{"line":414,"column":null}},"line":402},"25":{"name":"normalizeGateSnapshot","decl":{"start":{"line":416,"column":9},"end":{"line":416,"column":30}},"loc":{"start":{"line":416,"column":51},"end":{"line":480,"column":null}},"line":416},"26":{"name":"collectSnapshots","decl":{"start":{"line":482,"column":9},"end":{"line":482,"column":25}},"loc":{"start":{"line":482,"column":53},"end":{"line":537,"column":null}},"line":482},"27":{"name":"isSnapshotNewer","decl":{"start":{"line":539,"column":9},"end":{"line":539,"column":24}},"loc":{"start":{"line":539,"column":45},"end":{"line":562,"column":null}},"line":539},"28":{"name":"mergeSnapshotsByGateId","decl":{"start":{"line":564,"column":9},"end":{"line":564,"column":31}},"loc":{"start":{"line":564,"column":43},"end":{"line":576,"column":null}},"line":564},"29":{"name":"createGatePlaceholder","decl":{"start":{"line":578,"column":9},"end":{"line":578,"column":30}},"loc":{"start":{"line":578,"column":60},"end":{"line":590,"column":null}},"line":578},"30":{"name":"buildGateCenterAndSubGates","decl":{"start":{"line":592,"column":9},"end":{"line":592,"column":35}},"loc":{"start":{"line":592,"column":53},"end":{"line":636,"column":null}},"line":592},"31":{"name":"(anonymous_31)","decl":{"start":{"line":595,"column":36},"end":{"line":595,"column":37}},"loc":{"start":{"line":595,"column":48},"end":{"line":611,"column":3}},"line":595},"32":{"name":"(anonymous_32)","decl":{"start":{"line":613,"column":38},"end":{"line":613,"column":39}},"loc":{"start":{"line":613,"column":50},"end":{"line":629,"column":3}},"line":613},"33":{"name":"collectIncompleteFields","decl":{"start":{"line":638,"column":9},"end":{"line":638,"column":32}},"loc":{"start":{"line":638,"column":55},"end":{"line":664,"column":null}},"line":638},"34":{"name":"(anonymous_34)","decl":{"start":{"line":641,"column":18},"end":{"line":641,"column":19}},"loc":{"start":{"line":641,"column":30},"end":{"line":653,"column":3}},"line":641},"35":{"name":"deriveExpectedG4Status","decl":{"start":{"line":666,"column":9},"end":{"line":666,"column":31}},"loc":{"start":{"line":666,"column":42},"end":{"line":680,"column":null}},"line":666},"36":{"name":"(anonymous_36)","decl":{"start":{"line":667,"column":20},"end":{"line":667,"column":21}},"loc":{"start":{"line":667,"column":31},"end":{"line":667,"column":52}},"line":667},"37":{"name":"(anonymous_37)","decl":{"start":{"line":671,"column":21},"end":{"line":671,"column":22}},"loc":{"start":{"line":671,"column":32},"end":{"line":671,"column":55}},"line":671},"38":{"name":"(anonymous_38)","decl":{"start":{"line":675,"column":20},"end":{"line":675,"column":21}},"loc":{"start":{"line":675,"column":31},"end":{"line":675,"column":54}},"line":675},"39":{"name":"hasNonPassSubGates","decl":{"start":{"line":682,"column":9},"end":{"line":682,"column":27}},"loc":{"start":{"line":682,"column":38},"end":{"line":684,"column":null}},"line":682},"40":{"name":"(anonymous_40)","decl":{"start":{"line":683,"column":23},"end":{"line":683,"column":24}},"loc":{"start":{"line":683,"column":34},"end":{"line":683,"column":57}},"line":683},"41":{"name":"buildStaleCount","decl":{"start":{"line":686,"column":9},"end":{"line":686,"column":24}},"loc":{"start":{"line":686,"column":73},"end":{"line":710,"column":null}},"line":686},"42":{"name":"(anonymous_42)","decl":{"start":{"line":689,"column":18},"end":{"line":689,"column":19}},"loc":{"start":{"line":689,"column":29},"end":{"line":699,"column":3}},"line":689},"43":{"name":"createResult","decl":{"start":{"line":712,"column":9},"end":{"line":712,"column":21}},"loc":{"start":{"line":720,"column":3},"end":{"line":737,"column":null}},"line":720},"44":{"name":"(anonymous_44)","decl":{"start":{"line":733,"column":31},"end":{"line":733,"column":32}},"loc":{"start":{"line":733,"column":42},"end":{"line":733,"column":59}},"line":733},"45":{"name":"(anonymous_45)","decl":{"start":{"line":734,"column":27},"end":{"line":734,"column":28}},"loc":{"start":{"line":734,"column":38},"end":{"line":734,"column":55}},"line":734},"46":{"name":"createInvalidInputResult","decl":{"start":{"line":739,"column":9},"end":{"line":739,"column":33}},"loc":{"start":{"line":748,"column":3},"end":{"line":765,"column":null}},"line":748},"47":{"name":"createBlockedResult","decl":{"start":{"line":767,"column":9},"end":{"line":767,"column":28}},"loc":{"start":{"line":767,"column":102},"end":{"line":784,"column":null}},"line":767},"48":{"name":"buildGateCenterStatus","decl":{"start":{"line":786,"column":16},"end":{"line":786,"column":37}},"loc":{"start":{"line":786,"column":59},"end":{"line":935,"column":null}},"line":786},"49":{"name":"(anonymous_49)","decl":{"start":{"line":876,"column":29},"end":{"line":876,"column":30}},"loc":{"start":{"line":876,"column":40},"end":{"line":876,"column":61}},"line":876}},"branchMap":{"0":{"loc":{"start":{"line":86,"column":9},"end":{"line":86,"column":77}},"type":"binary-expr","locations":[{"start":{"line":86,"column":9},"end":{"line":86,"column":23}},{"start":{"line":86,"column":27},"end":{"line":86,"column":52}},{"start":{"line":86,"column":56},"end":{"line":86,"column":77}}],"line":86},"1":{"loc":{"start":{"line":90,"column":2},"end":{"line":92,"column":null}},"type":"if","locations":[{"start":{"line":90,"column":2},"end":{"line":92,"column":null}},{"start":{},"end":{}}],"line":90},"2":{"loc":{"start":{"line":94,"column":2},"end":{"line":102,"column":null}},"type":"if","locations":[{"start":{"line":94,"column":2},"end":{"line":102,"column":null}},{"start":{},"end":{}}],"line":94},"3":{"loc":{"start":{"line":108,"column":2},"end":{"line":110,"column":null}},"type":"if","locations":[{"start":{"line":108,"column":2},"end":{"line":110,"column":null}},{"start":{},"end":{}}],"line":108},"4":{"loc":{"start":{"line":116,"column":2},"end":{"line":118,"column":null}},"type":"if","locations":[{"start":{"line":116,"column":2},"end":{"line":118,"column":null}},{"start":{},"end":{}}],"line":116},"5":{"loc":{"start":{"line":124,"column":44},"end":{"line":124,"column":55}},"type":"binary-expr","locations":[{"start":{"line":124,"column":44},"end":{"line":124,"column":49}},{"start":{"line":124,"column":53},"end":{"line":124,"column":55}}],"line":124},"6":{"loc":{"start":{"line":126,"column":4},"end":{"line":128,"column":null}},"type":"if","locations":[{"start":{"line":126,"column":4},"end":{"line":128,"column":null}},{"start":{},"end":{}}],"line":126},"7":{"loc":{"start":{"line":126,"column":8},"end":{"line":126,"column":55}},"type":"binary-expr","locations":[{"start":{"line":126,"column":8},"end":{"line":126,"column":31}},{"start":{"line":126,"column":35},"end":{"line":126,"column":55}}],"line":126},"8":{"loc":{"start":{"line":140,"column":2},"end":{"line":142,"column":null}},"type":"if","locations":[{"start":{"line":140,"column":2},"end":{"line":142,"column":null}},{"start":{},"end":{}}],"line":140},"9":{"loc":{"start":{"line":150,"column":2},"end":{"line":152,"column":null}},"type":"if","locations":[{"start":{"line":150,"column":2},"end":{"line":152,"column":null}},{"start":{},"end":{}}],"line":150},"10":{"loc":{"start":{"line":160,"column":2},"end":{"line":162,"column":null}},"type":"if","locations":[{"start":{"line":160,"column":2},"end":{"line":162,"column":null}},{"start":{},"end":{}}],"line":160},"11":{"loc":{"start":{"line":168,"column":2},"end":{"line":171,"column":null}},"type":"if","locations":[{"start":{"line":168,"column":2},"end":{"line":171,"column":null}},{"start":{},"end":{}}],"line":168},"12":{"loc":{"start":{"line":170,"column":11},"end":{"line":170,"column":50}},"type":"cond-expr","locations":[{"start":{"line":170,"column":37},"end":{"line":170,"column":43}},{"start":{"line":170,"column":46},"end":{"line":170,"column":50}}],"line":170},"13":{"loc":{"start":{"line":173,"column":2},"end":{"line":175,"column":null}},"type":"if","locations":[{"start":{"line":173,"column":2},"end":{"line":175,"column":null}},{"start":{},"end":{}}],"line":173},"14":{"loc":{"start":{"line":174,"column":11},"end":{"line":174,"column":60}},"type":"cond-expr","locations":[{"start":{"line":174,"column":36},"end":{"line":174,"column":53}},{"start":{"line":174,"column":56},"end":{"line":174,"column":60}}],"line":174},"15":{"loc":{"start":{"line":177,"column":2},"end":{"line":186,"column":null}},"type":"if","locations":[{"start":{"line":177,"column":2},"end":{"line":186,"column":null}},{"start":{},"end":{}}],"line":177},"16":{"loc":{"start":{"line":180,"column":4},"end":{"line":182,"column":null}},"type":"if","locations":[{"start":{"line":180,"column":4},"end":{"line":182,"column":null}},{"start":{},"end":{}}],"line":180},"17":{"loc":{"start":{"line":185,"column":11},"end":{"line":185,"column":50}},"type":"cond-expr","locations":[{"start":{"line":185,"column":37},"end":{"line":185,"column":43}},{"start":{"line":185,"column":46},"end":{"line":185,"column":50}}],"line":185},"18":{"loc":{"start":{"line":198,"column":20},"end":{"line":198,"column":54}},"type":"cond-expr","locations":[{"start":{"line":198,"column":45},"end":{"line":198,"column":50}},{"start":{"line":198,"column":53},"end":{"line":198,"column":54}}],"line":198},"19":{"loc":{"start":{"line":199,"column":19},"end":{"line":199,"column":61}},"type":"cond-expr","locations":[{"start":{"line":199,"column":42},"end":{"line":199,"column":57}},{"start":{"line":199,"column":60},"end":{"line":199,"column":61}}],"line":199},"20":{"loc":{"start":{"line":201,"column":2},"end":{"line":203,"column":null}},"type":"if","locations":[{"start":{"line":201,"column":2},"end":{"line":203,"column":null}},{"start":{},"end":{}}],"line":201},"21":{"loc":{"start":{"line":201,"column":6},"end":{"line":201,"column":48}},"type":"binary-expr","locations":[{"start":{"line":201,"column":6},"end":{"line":201,"column":32}},{"start":{"line":201,"column":36},"end":{"line":201,"column":48}}],"line":201},"22":{"loc":{"start":{"line":209,"column":2},"end":{"line":211,"column":null}},"type":"if","locations":[{"start":{"line":209,"column":2},"end":{"line":211,"column":null}},{"start":{},"end":{}}],"line":209},"23":{"loc":{"start":{"line":209,"column":6},"end":{"line":209,"column":53}},"type":"binary-expr","locations":[{"start":{"line":209,"column":6},"end":{"line":209,"column":29}},{"start":{"line":209,"column":33},"end":{"line":209,"column":53}}],"line":209},"24":{"loc":{"start":{"line":221,"column":9},"end":{"line":221,"column":93}},"type":"cond-expr","locations":[{"start":{"line":221,"column":54},"end":{"line":221,"column":74}},{"start":{"line":221,"column":77},"end":{"line":221,"column":93}}],"line":221},"25":{"loc":{"start":{"line":225,"column":20},"end":{"line":225,"column":97}},"type":"binary-expr","locations":[{"start":{"line":225,"column":20},"end":{"line":225,"column":40}},{"start":{"line":225,"column":44},"end":{"line":225,"column":71}},{"start":{"line":225,"column":75},"end":{"line":225,"column":97}}],"line":225},"26":{"loc":{"start":{"line":227,"column":2},"end":{"line":232,"column":null}},"type":"if","locations":[{"start":{"line":227,"column":2},"end":{"line":232,"column":null}},{"start":{},"end":{}}],"line":227},"27":{"loc":{"start":{"line":227,"column":6},"end":{"line":227,"column":51}},"type":"binary-expr","locations":[{"start":{"line":227,"column":6},"end":{"line":227,"column":34}},{"start":{"line":227,"column":38},"end":{"line":227,"column":51}}],"line":227},"28":{"loc":{"start":{"line":243,"column":2},"end":{"line":245,"column":null}},"type":"if","locations":[{"start":{"line":243,"column":2},"end":{"line":245,"column":null}},{"start":{},"end":{}}],"line":243},"29":{"loc":{"start":{"line":251,"column":2},"end":{"line":256,"column":null}},"type":"if","locations":[{"start":{"line":251,"column":2},"end":{"line":256,"column":null}},{"start":{},"end":{}}],"line":251},"30":{"loc":{"start":{"line":258,"column":2},"end":{"line":263,"column":null}},"type":"if","locations":[{"start":{"line":258,"column":2},"end":{"line":263,"column":null}},{"start":{},"end":{}}],"line":258},"31":{"loc":{"start":{"line":267,"column":2},"end":{"line":272,"column":null}},"type":"if","locations":[{"start":{"line":267,"column":2},"end":{"line":272,"column":null}},{"start":{},"end":{}}],"line":267},"32":{"loc":{"start":{"line":270,"column":63},"end":{"line":270,"column":105}},"type":"binary-expr","locations":[{"start":{"line":270,"column":63},"end":{"line":270,"column":95}},{"start":{"line":270,"column":99},"end":{"line":270,"column":105}}],"line":270},"33":{"loc":{"start":{"line":275,"column":4},"end":{"line":275,"column":75}},"type":"binary-expr","locations":[{"start":{"line":275,"column":4},"end":{"line":275,"column":61}},{"start":{"line":275,"column":65},"end":{"line":275,"column":75}}],"line":275},"34":{"loc":{"start":{"line":277,"column":2},"end":{"line":297,"column":null}},"type":"if","locations":[{"start":{"line":277,"column":2},"end":{"line":297,"column":null}},{"start":{},"end":{}}],"line":277},"35":{"loc":{"start":{"line":278,"column":4},"end":{"line":283,"column":null}},"type":"if","locations":[{"start":{"line":278,"column":4},"end":{"line":283,"column":null}},{"start":{},"end":{}}],"line":278},"36":{"loc":{"start":{"line":291,"column":8},"end":{"line":292,"column":61}},"type":"binary-expr","locations":[{"start":{"line":291,"column":8},"end":{"line":291,"column":36}},{"start":{"line":292,"column":8},"end":{"line":292,"column":61}}],"line":291},"37":{"loc":{"start":{"line":299,"column":2},"end":{"line":304,"column":null}},"type":"if","locations":[{"start":{"line":299,"column":2},"end":{"line":304,"column":null}},{"start":{},"end":{}}],"line":299},"38":{"loc":{"start":{"line":306,"column":2},"end":{"line":311,"column":null}},"type":"if","locations":[{"start":{"line":306,"column":2},"end":{"line":311,"column":null}},{"start":{},"end":{}}],"line":306},"39":{"loc":{"start":{"line":306,"column":6},"end":{"line":306,"column":84}},"type":"binary-expr","locations":[{"start":{"line":306,"column":6},"end":{"line":306,"column":42}},{"start":{"line":306,"column":46},"end":{"line":306,"column":84}}],"line":306},"40":{"loc":{"start":{"line":313,"column":2},"end":{"line":322,"column":null}},"type":"if","locations":[{"start":{"line":313,"column":2},"end":{"line":322,"column":null}},{"start":{},"end":{}}],"line":313},"41":{"loc":{"start":{"line":314,"column":4},"end":{"line":316,"column":null}},"type":"binary-expr","locations":[{"start":{"line":314,"column":4},"end":{"line":314,"column":38}},{"start":{"line":315,"column":4},"end":{"line":315,"column":33}},{"start":{"line":316,"column":4},"end":{"line":316,"column":null}}],"line":314},"42":{"loc":{"start":{"line":329,"column":12},"end":{"line":329,"column":77}},"type":"binary-expr","locations":[{"start":{"line":329,"column":12},"end":{"line":329,"column":40}},{"start":{"line":329,"column":44},"end":{"line":329,"column":77}}],"line":329},"43":{"loc":{"start":{"line":331,"column":21},"end":{"line":333,"column":10}},"type":"cond-expr","locations":[{"start":{"line":332,"column":8},"end":{"line":332,"column":null}},{"start":{"line":333,"column":8},"end":{"line":333,"column":10}}],"line":331},"44":{"loc":{"start":{"line":334,"column":19},"end":{"line":334,"column":null}},"type":"cond-expr","locations":[{"start":{"line":334,"column":42},"end":{"line":334,"column":74}},{"start":{"line":334,"column":77},"end":{"line":334,"column":null}}],"line":334},"45":{"loc":{"start":{"line":339,"column":2},"end":{"line":341,"column":null}},"type":"if","locations":[{"start":{"line":339,"column":2},"end":{"line":341,"column":null}},{"start":{},"end":{}}],"line":339},"46":{"loc":{"start":{"line":343,"column":2},"end":{"line":369,"column":null}},"type":"if","locations":[{"start":{"line":343,"column":2},"end":{"line":369,"column":null}},{"start":{},"end":{}}],"line":343},"47":{"loc":{"start":{"line":344,"column":4},"end":{"line":349,"column":null}},"type":"if","locations":[{"start":{"line":344,"column":4},"end":{"line":349,"column":null}},{"start":{},"end":{}}],"line":344},"48":{"loc":{"start":{"line":351,"column":29},"end":{"line":353,"column":10}},"type":"cond-expr","locations":[{"start":{"line":352,"column":8},"end":{"line":352,"column":null}},{"start":{"line":353,"column":8},"end":{"line":353,"column":10}}],"line":351},"49":{"loc":{"start":{"line":360,"column":22},"end":{"line":360,"column":76}},"type":"cond-expr","locations":[{"start":{"line":360,"column":47},"end":{"line":360,"column":60}},{"start":{"line":360,"column":63},"end":{"line":360,"column":76}}],"line":360},"50":{"loc":{"start":{"line":381,"column":2},"end":{"line":383,"column":null}},"type":"if","locations":[{"start":{"line":381,"column":2},"end":{"line":383,"column":null}},{"start":{},"end":{}}],"line":381},"51":{"loc":{"start":{"line":385,"column":2},"end":{"line":387,"column":null}},"type":"if","locations":[{"start":{"line":385,"column":2},"end":{"line":387,"column":null}},{"start":{},"end":{}}],"line":385},"52":{"loc":{"start":{"line":386,"column":11},"end":{"line":386,"column":48}},"type":"cond-expr","locations":[{"start":{"line":386,"column":33},"end":{"line":386,"column":39}},{"start":{"line":386,"column":42},"end":{"line":386,"column":48}}],"line":386},"53":{"loc":{"start":{"line":391,"column":2},"end":{"line":393,"column":null}},"type":"if","locations":[{"start":{"line":391,"column":2},"end":{"line":393,"column":null}},{"start":{},"end":{}}],"line":391},"54":{"loc":{"start":{"line":395,"column":2},"end":{"line":397,"column":null}},"type":"if","locations":[{"start":{"line":395,"column":2},"end":{"line":397,"column":null}},{"start":{},"end":{}}],"line":395},"55":{"loc":{"start":{"line":403,"column":2},"end":{"line":405,"column":null}},"type":"if","locations":[{"start":{"line":403,"column":2},"end":{"line":405,"column":null}},{"start":{},"end":{}}],"line":403},"56":{"loc":{"start":{"line":409,"column":2},"end":{"line":411,"column":null}},"type":"if","locations":[{"start":{"line":409,"column":2},"end":{"line":411,"column":null}},{"start":{},"end":{}}],"line":409},"57":{"loc":{"start":{"line":417,"column":2},"end":{"line":422,"column":null}},"type":"if","locations":[{"start":{"line":417,"column":2},"end":{"line":422,"column":null}},{"start":{},"end":{}}],"line":417},"58":{"loc":{"start":{"line":424,"column":33},"end":{"line":424,"column":71}},"type":"binary-expr","locations":[{"start":{"line":424,"column":33},"end":{"line":424,"column":51}},{"start":{"line":424,"column":55},"end":{"line":424,"column":71}}],"line":424},"59":{"loc":{"start":{"line":426,"column":2},"end":{"line":431,"column":null}},"type":"if","locations":[{"start":{"line":426,"column":2},"end":{"line":431,"column":null}},{"start":{},"end":{}}],"line":426},"60":{"loc":{"start":{"line":435,"column":2},"end":{"line":440,"column":null}},"type":"if","locations":[{"start":{"line":435,"column":2},"end":{"line":440,"column":null}},{"start":{},"end":{}}],"line":435},"61":{"loc":{"start":{"line":435,"column":6},"end":{"line":435,"column":62}},"type":"binary-expr","locations":[{"start":{"line":435,"column":6},"end":{"line":435,"column":37}},{"start":{"line":435,"column":41},"end":{"line":435,"column":62}}],"line":435},"62":{"loc":{"start":{"line":443,"column":16},"end":{"line":443,"column":56}},"type":"binary-expr","locations":[{"start":{"line":443,"column":16},"end":{"line":443,"column":48}},{"start":{"line":443,"column":52},"end":{"line":443,"column":56}}],"line":443},"63":{"loc":{"start":{"line":445,"column":4},"end":{"line":445,"column":null}},"type":"binary-expr","locations":[{"start":{"line":445,"column":4},"end":{"line":445,"column":25}},{"start":{"line":445,"column":29},"end":{"line":445,"column":50}},{"start":{"line":445,"column":54},"end":{"line":445,"column":null}}],"line":445},"64":{"loc":{"start":{"line":451,"column":2},"end":{"line":456,"column":null}},"type":"if","locations":[{"start":{"line":451,"column":2},"end":{"line":456,"column":null}},{"start":{},"end":{}}],"line":451},"65":{"loc":{"start":{"line":451,"column":6},"end":{"line":451,"column":45}},"type":"binary-expr","locations":[{"start":{"line":451,"column":6},"end":{"line":451,"column":24}},{"start":{"line":451,"column":28},"end":{"line":451,"column":45}}],"line":451},"66":{"loc":{"start":{"line":454,"column":47},"end":{"line":454,"column":94}},"type":"binary-expr","locations":[{"start":{"line":454,"column":47},"end":{"line":454,"column":84}},{"start":{"line":454,"column":88},"end":{"line":454,"column":94}}],"line":454},"67":{"loc":{"start":{"line":458,"column":21},"end":{"line":458,"column":74}},"type":"binary-expr","locations":[{"start":{"line":458,"column":21},"end":{"line":458,"column":37}},{"start":{"line":458,"column":42},"end":{"line":458,"column":73}}],"line":458},"68":{"loc":{"start":{"line":458,"column":42},"end":{"line":458,"column":73}},"type":"cond-expr","locations":[{"start":{"line":458,"column":62},"end":{"line":458,"column":66}},{"start":{"line":458,"column":69},"end":{"line":458,"column":73}}],"line":458},"69":{"loc":{"start":{"line":461,"column":4},"end":{"line":463,"column":68}},"type":"binary-expr","locations":[{"start":{"line":461,"column":4},"end":{"line":461,"column":53}},{"start":{"line":462,"column":4},"end":{"line":462,"column":14}},{"start":{"line":463,"column":5},"end":{"line":463,"column":67}}],"line":461},"70":{"loc":{"start":{"line":463,"column":5},"end":{"line":463,"column":67}},"type":"cond-expr","locations":[{"start":{"line":463,"column":25},"end":{"line":463,"column":29}},{"start":{"line":463,"column":32},"end":{"line":463,"column":67}}],"line":463},"71":{"loc":{"start":{"line":472,"column":17},"end":{"line":472,"column":65}},"type":"cond-expr","locations":[{"start":{"line":472,"column":40},"end":{"line":472,"column":58}},{"start":{"line":472,"column":61},"end":{"line":472,"column":65}}],"line":472},"72":{"loc":{"start":{"line":476,"column":18},"end":{"line":476,"column":63}},"type":"binary-expr","locations":[{"start":{"line":476,"column":18},"end":{"line":476,"column":55}},{"start":{"line":476,"column":59},"end":{"line":476,"column":63}}],"line":476},"73":{"loc":{"start":{"line":477,"column":16},"end":{"line":477,"column":null}},"type":"binary-expr","locations":[{"start":{"line":477,"column":16},"end":{"line":477,"column":51}},{"start":{"line":477,"column":55},"end":{"line":477,"column":null}}],"line":477},"74":{"loc":{"start":{"line":491,"column":4},"end":{"line":493,"column":null}},"type":"if","locations":[{"start":{"line":491,"column":4},"end":{"line":493,"column":null}},{"start":{},"end":{}}],"line":491},"75":{"loc":{"start":{"line":498,"column":2},"end":{"line":509,"column":null}},"type":"if","locations":[{"start":{"line":498,"column":2},"end":{"line":509,"column":null}},{"start":{},"end":{}}],"line":498},"76":{"loc":{"start":{"line":504,"column":4},"end":{"line":506,"column":null}},"type":"if","locations":[{"start":{"line":504,"column":4},"end":{"line":506,"column":null}},{"start":{},"end":{}}],"line":504},"77":{"loc":{"start":{"line":511,"column":2},"end":{"line":531,"column":null}},"type":"if","locations":[{"start":{"line":511,"column":2},"end":{"line":531,"column":null}},{"start":{},"end":{}}],"line":511},"78":{"loc":{"start":{"line":512,"column":4},"end":{"line":517,"column":null}},"type":"if","locations":[{"start":{"line":512,"column":4},"end":{"line":517,"column":null}},{"start":{},"end":{}}],"line":512},"79":{"loc":{"start":{"line":525,"column":6},"end":{"line":527,"column":null}},"type":"if","locations":[{"start":{"line":525,"column":6},"end":{"line":527,"column":null}},{"start":{},"end":{}}],"line":525},"80":{"loc":{"start":{"line":540,"column":2},"end":{"line":542,"column":null}},"type":"if","locations":[{"start":{"line":540,"column":2},"end":{"line":542,"column":null}},{"start":{},"end":{}}],"line":540},"81":{"loc":{"start":{"line":549,"column":2},"end":{"line":551,"column":null}},"type":"if","locations":[{"start":{"line":549,"column":2},"end":{"line":551,"column":null}},{"start":{},"end":{}}],"line":549},"82":{"loc":{"start":{"line":549,"column":6},"end":{"line":549,"column":36}},"type":"binary-expr","locations":[{"start":{"line":549,"column":6},"end":{"line":549,"column":20}},{"start":{"line":549,"column":24},"end":{"line":549,"column":36}}],"line":549},"83":{"loc":{"start":{"line":553,"column":2},"end":{"line":555,"column":null}},"type":"if","locations":[{"start":{"line":553,"column":2},"end":{"line":555,"column":null}},{"start":{},"end":{}}],"line":553},"84":{"loc":{"start":{"line":553,"column":6},"end":{"line":553,"column":37}},"type":"binary-expr","locations":[{"start":{"line":553,"column":6},"end":{"line":553,"column":20}},{"start":{"line":553,"column":24},"end":{"line":553,"column":37}}],"line":553},"85":{"loc":{"start":{"line":557,"column":2},"end":{"line":559,"column":null}},"type":"if","locations":[{"start":{"line":557,"column":2},"end":{"line":559,"column":null}},{"start":{},"end":{}}],"line":557},"86":{"loc":{"start":{"line":557,"column":6},"end":{"line":557,"column":37}},"type":"binary-expr","locations":[{"start":{"line":557,"column":6},"end":{"line":557,"column":21}},{"start":{"line":557,"column":25},"end":{"line":557,"column":37}}],"line":557},"87":{"loc":{"start":{"line":570,"column":4},"end":{"line":572,"column":null}},"type":"if","locations":[{"start":{"line":570,"column":4},"end":{"line":572,"column":null}},{"start":{},"end":{}}],"line":570},"88":{"loc":{"start":{"line":578,"column":39},"end":{"line":578,"column":58}},"type":"default-arg","locations":[{"start":{"line":578,"column":54},"end":{"line":578,"column":58}}],"line":578},"89":{"loc":{"start":{"line":588,"column":20},"end":{"line":588,"column":null}},"type":"cond-expr","locations":[{"start":{"line":588,"column":38},"end":{"line":588,"column":57}},{"start":{"line":588,"column":60},"end":{"line":588,"column":null}}],"line":588},"90":{"loc":{"start":{"line":597,"column":21},"end":{"line":597,"column":74}},"type":"binary-expr","locations":[{"start":{"line":597,"column":21},"end":{"line":597,"column":41}},{"start":{"line":597,"column":45},"end":{"line":597,"column":74}}],"line":597},"91":{"loc":{"start":{"line":606,"column":22},"end":{"line":606,"column":null}},"type":"cond-expr","locations":[{"start":{"line":606,"column":40},"end":{"line":606,"column":59}},{"start":{"line":606,"column":62},"end":{"line":606,"column":null}}],"line":606},"92":{"loc":{"start":{"line":615,"column":21},"end":{"line":615,"column":80}},"type":"binary-expr","locations":[{"start":{"line":615,"column":21},"end":{"line":615,"column":41}},{"start":{"line":615,"column":45},"end":{"line":615,"column":80}}],"line":615},"93":{"loc":{"start":{"line":642,"column":4},"end":{"line":644,"column":null}},"type":"if","locations":[{"start":{"line":642,"column":4},"end":{"line":644,"column":null}},{"start":{},"end":{}}],"line":642},"94":{"loc":{"start":{"line":646,"column":4},"end":{"line":648,"column":null}},"type":"if","locations":[{"start":{"line":646,"column":4},"end":{"line":648,"column":null}},{"start":{},"end":{}}],"line":646},"95":{"loc":{"start":{"line":650,"column":4},"end":{"line":652,"column":null}},"type":"if","locations":[{"start":{"line":650,"column":4},"end":{"line":652,"column":null}},{"start":{},"end":{}}],"line":650},"96":{"loc":{"start":{"line":667,"column":2},"end":{"line":669,"column":null}},"type":"if","locations":[{"start":{"line":667,"column":2},"end":{"line":669,"column":null}},{"start":{},"end":{}}],"line":667},"97":{"loc":{"start":{"line":671,"column":2},"end":{"line":673,"column":null}},"type":"if","locations":[{"start":{"line":671,"column":2},"end":{"line":673,"column":null}},{"start":{},"end":{}}],"line":671},"98":{"loc":{"start":{"line":675,"column":2},"end":{"line":677,"column":null}},"type":"if","locations":[{"start":{"line":675,"column":2},"end":{"line":677,"column":null}},{"start":{},"end":{}}],"line":675},"99":{"loc":{"start":{"line":692,"column":4},"end":{"line":694,"column":null}},"type":"if","locations":[{"start":{"line":692,"column":4},"end":{"line":694,"column":null}},{"start":{},"end":{}}],"line":692},"100":{"loc":{"start":{"line":696,"column":4},"end":{"line":698,"column":null}},"type":"if","locations":[{"start":{"line":696,"column":4},"end":{"line":698,"column":null}},{"start":{},"end":{}}],"line":696},"101":{"loc":{"start":{"line":717,"column":2},"end":{"line":717,"column":17}},"type":"default-arg","locations":[{"start":{"line":717,"column":15},"end":{"line":717,"column":17}}],"line":717},"102":{"loc":{"start":{"line":718,"column":2},"end":{"line":718,"column":15}},"type":"default-arg","locations":[{"start":{"line":718,"column":13},"end":{"line":718,"column":15}}],"line":718},"103":{"loc":{"start":{"line":719,"column":2},"end":{"line":719,"column":null}},"type":"default-arg","locations":[{"start":{"line":719,"column":22},"end":{"line":719,"column":null}}],"line":719},"104":{"loc":{"start":{"line":741,"column":2},"end":{"line":741,"column":16}},"type":"default-arg","locations":[{"start":{"line":741,"column":15},"end":{"line":741,"column":16}}],"line":741},"105":{"loc":{"start":{"line":742,"column":2},"end":{"line":742,"column":48}},"type":"default-arg","locations":[{"start":{"line":742,"column":21},"end":{"line":742,"column":48}}],"line":742},"106":{"loc":{"start":{"line":743,"column":2},"end":{"line":743,"column":17}},"type":"default-arg","locations":[{"start":{"line":743,"column":15},"end":{"line":743,"column":17}}],"line":743},"107":{"loc":{"start":{"line":744,"column":2},"end":{"line":744,"column":15}},"type":"default-arg","locations":[{"start":{"line":744,"column":13},"end":{"line":744,"column":15}}],"line":744},"108":{"loc":{"start":{"line":745,"column":2},"end":{"line":745,"column":16}},"type":"default-arg","locations":[{"start":{"line":745,"column":15},"end":{"line":745,"column":16}}],"line":745},"109":{"loc":{"start":{"line":746,"column":2},"end":{"line":746,"column":16}},"type":"default-arg","locations":[{"start":{"line":746,"column":15},"end":{"line":746,"column":16}}],"line":746},"110":{"loc":{"start":{"line":763,"column":23},"end":{"line":763,"column":null}},"type":"binary-expr","locations":[{"start":{"line":763,"column":23},"end":{"line":763,"column":40}},{"start":{"line":763,"column":44},"end":{"line":763,"column":null}}],"line":763},"111":{"loc":{"start":{"line":786,"column":45},"end":{"line":786,"column":57}},"type":"default-arg","locations":[{"start":{"line":786,"column":55},"end":{"line":786,"column":57}}],"line":786},"112":{"loc":{"start":{"line":787,"column":18},"end":{"line":787,"column":46}},"type":"cond-expr","locations":[{"start":{"line":787,"column":36},"end":{"line":787,"column":41}},{"start":{"line":787,"column":44},"end":{"line":787,"column":46}}],"line":787},"113":{"loc":{"start":{"line":788,"column":25},"end":{"line":788,"column":57}},"type":"cond-expr","locations":[{"start":{"line":788,"column":45},"end":{"line":788,"column":52}},{"start":{"line":788,"column":55},"end":{"line":788,"column":57}}],"line":788},"114":{"loc":{"start":{"line":794,"column":2},"end":{"line":799,"column":null}},"type":"if","locations":[{"start":{"line":794,"column":2},"end":{"line":799,"column":null}},{"start":{},"end":{}}],"line":794},"115":{"loc":{"start":{"line":801,"column":2},"end":{"line":809,"column":null}},"type":"if","locations":[{"start":{"line":801,"column":2},"end":{"line":809,"column":null}},{"start":{},"end":{}}],"line":801},"116":{"loc":{"start":{"line":813,"column":2},"end":{"line":819,"column":null}},"type":"if","locations":[{"start":{"line":813,"column":2},"end":{"line":819,"column":null}},{"start":{},"end":{}}],"line":813},"117":{"loc":{"start":{"line":823,"column":2},"end":{"line":829,"column":null}},"type":"if","locations":[{"start":{"line":823,"column":2},"end":{"line":829,"column":null}},{"start":{},"end":{}}],"line":823},"118":{"loc":{"start":{"line":844,"column":2},"end":{"line":874,"column":null}},"type":"if","locations":[{"start":{"line":844,"column":2},"end":{"line":874,"column":null}},{"start":{},"end":{}}],"line":844},"119":{"loc":{"start":{"line":847,"column":7},"end":{"line":847,"column":80}},"type":"cond-expr","locations":[{"start":{"line":847,"column":34},"end":{"line":847,"column":74}},{"start":{"line":847,"column":77},"end":{"line":847,"column":80}}],"line":847},"120":{"loc":{"start":{"line":854,"column":4},"end":{"line":856,"column":null}},"type":"if","locations":[{"start":{"line":854,"column":4},"end":{"line":856,"column":null}},{"start":{},"end":{}}],"line":854},"121":{"loc":{"start":{"line":879,"column":2},"end":{"line":906,"column":null}},"type":"if","locations":[{"start":{"line":879,"column":2},"end":{"line":906,"column":null}},{"start":{},"end":{}}],"line":879},"122":{"loc":{"start":{"line":879,"column":6},"end":{"line":879,"column":62}},"type":"binary-expr","locations":[{"start":{"line":879,"column":6},"end":{"line":879,"column":8}},{"start":{"line":879,"column":12},"end":{"line":879,"column":28}},{"start":{"line":879,"column":32},"end":{"line":879,"column":62}}],"line":879},"123":{"loc":{"start":{"line":885,"column":4},"end":{"line":887,"column":null}},"type":"if","locations":[{"start":{"line":885,"column":4},"end":{"line":887,"column":null}},{"start":{},"end":{}}],"line":885},"124":{"loc":{"start":{"line":913,"column":2},"end":{"line":915,"column":null}},"type":"if","locations":[{"start":{"line":913,"column":2},"end":{"line":915,"column":null}},{"start":{},"end":{}}],"line":913},"125":{"loc":{"start":{"line":913,"column":6},"end":{"line":913,"column":90}},"type":"binary-expr","locations":[{"start":{"line":913,"column":6},"end":{"line":913,"column":34}},{"start":{"line":913,"column":38},"end":{"line":913,"column":90}}],"line":913}},"s":{"0":2,"1":2,"2":2,"3":2,"4":2,"5":2,"6":2,"7":2,"8":2,"9":7640,"10":6931,"11":111,"12":42,"13":6820,"14":816,"15":816,"16":6076,"17":816,"18":6004,"19":4972,"20":859,"21":4113,"22":103,"23":19,"24":84,"25":84,"26":84,"27":33,"28":33,"29":4,"30":29,"31":29,"32":84,"33":10,"34":1402,"35":1402,"36":91,"37":1311,"38":663,"39":663,"40":15,"41":648,"42":666,"43":666,"44":1,"45":665,"46":810,"47":0,"48":0,"49":810,"50":2,"51":808,"52":774,"53":774,"54":1,"55":773,"56":773,"57":34,"58":645,"59":197,"60":197,"61":197,"62":197,"63":197,"64":6,"65":191,"66":21,"67":0,"68":21,"69":147,"70":126,"71":21,"72":21,"73":21,"74":50,"75":347,"76":29,"77":29,"78":1,"79":28,"80":14,"81":14,"82":6,"83":8,"84":8,"85":40,"86":1,"87":39,"88":1,"89":38,"90":38,"91":2,"92":36,"93":40,"94":4,"95":1,"96":3,"97":32,"98":1,"99":31,"100":1,"101":30,"102":1,"103":29,"104":663,"105":50,"106":38,"107":12,"108":5,"109":1,"110":4,"111":5,"112":5,"113":2,"114":2,"115":2,"116":7,"117":663,"118":663,"119":648,"120":15,"121":11,"122":4,"123":4,"124":2,"125":2,"126":1,"127":1,"128":665,"129":478,"130":187,"131":187,"132":19,"133":168,"134":667,"135":1,"136":666,"137":667,"138":1,"139":665,"140":665,"141":2,"142":663,"143":663,"144":667,"145":667,"146":667,"147":667,"148":2,"149":661,"150":667,"151":667,"152":28,"153":28,"154":28,"155":656,"156":656,"157":3,"158":653,"159":25,"160":3,"161":3,"162":1,"163":2,"164":24,"165":5,"166":1,"167":4,"168":4,"169":8,"170":8,"171":2,"172":6,"173":21,"174":640,"175":135,"176":505,"177":505,"178":505,"179":505,"180":505,"181":505,"182":0,"183":0,"184":0,"185":0,"186":0,"187":21,"188":21,"189":640,"190":640,"191":637,"192":21,"193":12,"194":21,"195":21,"196":105,"197":105,"198":105,"199":105,"200":105,"201":21,"202":42,"203":42,"204":42,"205":42,"206":42,"207":21,"208":21,"209":21,"210":147,"211":13,"212":147,"213":13,"214":147,"215":21,"216":21,"217":105,"218":21,"219":42,"220":21,"221":15,"222":30,"223":0,"224":15,"225":30,"226":11,"227":4,"228":8,"229":2,"230":2,"231":13,"232":26,"233":21,"234":21,"235":147,"236":147,"237":21,"238":126,"239":107,"240":21,"241":105,"242":21,"243":42,"244":21,"245":50,"246":105,"247":42,"248":26,"249":3,"250":50,"251":50,"252":50,"253":50,"254":50,"255":50,"256":18,"257":32,"258":3,"259":29,"260":29,"261":1,"262":28,"263":28,"264":7,"265":21,"266":21,"267":21,"268":21,"269":21,"270":21,"271":21,"272":21,"273":21,"274":21,"275":6,"276":6,"277":6,"278":5,"279":6,"280":15,"281":60,"282":15,"283":15,"284":2,"285":2,"286":1,"287":2,"288":13,"289":13,"290":1,"291":13},"f":{"0":7640,"1":6931,"2":42,"3":4972,"4":103,"5":10,"6":1402,"7":663,"8":666,"9":810,"10":645,"11":197,"12":21,"13":147,"14":126,"15":50,"16":347,"17":29,"18":14,"19":8,"20":40,"21":663,"22":50,"23":663,"24":665,"25":667,"26":28,"27":640,"28":21,"29":12,"30":21,"31":105,"32":42,"33":21,"34":147,"35":15,"36":30,"37":30,"38":8,"39":13,"40":26,"41":21,"42":147,"43":50,"44":105,"45":42,"46":26,"47":3,"48":50,"49":60},"b":{"0":[7640,7191,1625],"1":[111,6820],"2":[816,6004],"3":[859,4113],"4":[19,84],"5":[33,2],"6":[4,29],"7":[33,31],"8":[91,1311],"9":[15,648],"10":[1,665],"11":[0,810],"12":[0,0],"13":[2,808],"14":[1,1],"15":[774,34],"16":[1,773],"17":[772,1],"18":[189,8],"19":[189,8],"20":[6,191],"21":[197,197],"22":[0,21],"23":[21,21],"24":[4,347],"25":[29,26,26],"26":[1,28],"27":[29,29],"28":[6,8],"29":[1,39],"30":[1,38],"31":[2,36],"32":[2,1],"33":[36,4],"34":[4,36],"35":[1,3],"36":[3,1],"37":[1,31],"38":[1,30],"39":[31,30],"40":[1,29],"41":[30,30,4],"42":[29,1],"43":[28,1],"44":[3,26],"45":[38,12],"46":[5,7],"47":[1,4],"48":[3,1],"49":[1,1],"50":[648,15],"51":[11,4],"52":[10,1],"53":[2,2],"54":[1,1],"55":[478,187],"56":[19,168],"57":[1,666],"58":[666,1],"59":[1,666],"60":[2,663],"61":[665,187],"62":[663,1],"63":[667,19,9],"64":[2,665],"65":[667,660],"66":[2,1],"67":[661,3],"68":[1,2],"69":[667,79,2],"70":[0,2],"71":[645,16],"72":[667,78],"73":[667,658],"74":[3,653],"75":[3,22],"76":[1,2],"77":[5,19],"78":[1,4],"79":[2,6],"80":[135,505],"81":[505,0],"82":[505,505],"83":[0,0],"84":[0,0],"85":[0,0],"86":[0,0],"87":[637,3],"88":[12],"89":[2,10],"90":[105,8],"91":[21,84],"92":[42,4],"93":[13,134],"94":[13,134],"95":[21,126],"96":[0,15],"97":[11,4],"98":[2,2],"99":[21,126],"100":[107,19],"101":[50],"102":[50],"103":[50],"104":[26],"105":[26],"106":[26],"107":[26],"108":[26],"109":[26],"110":[26,26],"111":[50],"112":[44,6],"113":[49,1],"114":[18,32],"115":[3,29],"116":[1,28],"117":[7,21],"118":[6,15],"119":[2,4],"120":[5,1],"121":[2,13],"122":[15,15,15],"123":[1,1],"124":[1,12],"125":[13,2]},"meta":{"lastBranch":126,"lastFunction":50,"lastStatement":292,"seen":{"s:3:19:3:64":0,"s:4:23:4:55":1,"s:5:17:5:60":2,"s:6:19:6:56":3,"s:8:21:32:2":4,"s:34:24:34:45":5,"s:36:39:56:2":6,"s:58:25:81:2":7,"s:83:31:83:36":8,"f:85:9:85:17":0,"s:86:2:86:Infinity":9,"b:86:9:86:23:86:27:86:52:86:56:86:77":0,"f:89:9:89:19":1,"b:90:2:92:Infinity:undefined:undefined:undefined:undefined":1,"s:90:2:92:Infinity":10,"s:91:4:91:Infinity":11,"f:91:21:91:22":2,"s:91:32:91:49":12,"b:94:2:102:Infinity:undefined:undefined:undefined:undefined":2,"s:94:2:102:Infinity":13,"s:95:18:95:20":14,"s:97:4:99:Infinity":15,"s:98:6:98:Infinity":16,"s:101:4:101:Infinity":17,"s:104:2:104:Infinity":18,"f:107:9:107:22":3,"b:108:2:110:Infinity:undefined:undefined:undefined:undefined":3,"s:108:2:110:Infinity":19,"s:109:4:109:Infinity":20,"s:112:2:112:Infinity":21,"f:115:9:115:23":4,"b:116:2:118:Infinity:undefined:undefined:undefined:undefined":4,"s:116:2:118:Infinity":22,"s:117:4:117:Infinity":23,"s:120:17:120:19":24,"s:121:15:121:24":25,"s:123:2:132:Infinity":26,"s:124:23:124:57":27,"b:124:44:124:49:124:53:124:55":5,"b:126:4:128:Infinity:undefined:undefined:undefined:undefined":6,"s:126:4:128:Infinity":28,"b:126:8:126:31:126:35:126:55":7,"s:127:6:127:Infinity":29,"s:130:4:130:Infinity":30,"s:131:4:131:Infinity":31,"s:134:2:134:Infinity":32,"f:134:21:134:22":5,"s:134:38:134:63":33,"f:137:9:137:28":6,"s:138:21:138:41":34,"b:140:2:142:Infinity:undefined:undefined:undefined:undefined":8,"s:140:2:142:Infinity":35,"s:141:4:141:Infinity":36,"s:144:2:144:Infinity":37,"f:147:9:147:24":7,"s:148:21:148:55":38,"b:150:2:152:Infinity:undefined:undefined:undefined:undefined":9,"s:150:2:152:Infinity":39,"s:151:4:151:Infinity":40,"s:154:2:154:Infinity":41,"f:157:9:157:24":8,"s:158:21:158:55":42,"b:160:2:162:Infinity:undefined:undefined:undefined:undefined":10,"s:160:2:162:Infinity":43,"s:161:4:161:Infinity":44,"s:164:2:164:Infinity":45,"f:167:9:167:25":9,"b:168:2:171:Infinity:undefined:undefined:undefined:undefined":11,"s:168:2:171:Infinity":46,"s:169:19:169:34":47,"s:170:4:170:Infinity":48,"b:170:37:170:43:170:46:170:50":12,"b:173:2:175:Infinity:undefined:undefined:undefined:undefined":13,"s:173:2:175:Infinity":49,"s:174:4:174:Infinity":50,"b:174:36:174:53:174:56:174:60":14,"b:177:2:186:Infinity:undefined:undefined:undefined:undefined":15,"s:177:2:186:Infinity":51,"s:178:23:178:35":52,"b:180:4:182:Infinity:undefined:undefined:undefined:undefined":16,"s:180:4:182:Infinity":53,"s:181:6:181:Infinity":54,"s:184:19:184:41":55,"s:185:4:185:Infinity":56,"b:185:37:185:43:185:46:185:50":17,"s:188:2:188:Infinity":57,"f:191:9:191:14":10,"s:192:2:192:Infinity":58,"f:195:9:195:21":11,"s:196:16:196:35":59,"s:197:14:197:31":60,"s:198:20:198:54":61,"b:198:45:198:50:198:53:198:54":18,"s:199:19:199:61":62,"b:199:42:199:57:199:60:199:61":19,"b:201:2:203:Infinity:undefined:undefined:undefined:undefined":20,"s:201:2:203:Infinity":63,"b:201:6:201:32:201:36:201:48":21,"s:202:4:202:Infinity":64,"s:205:2:205:Infinity":65,"f:208:9:208:26":12,"b:209:2:211:Infinity:undefined:undefined:undefined:undefined":22,"s:209:2:211:Infinity":66,"b:209:6:209:29:209:33:209:53":23,"s:210:4:210:Infinity":67,"s:213:17:213:95":68,"f:213:34:213:35":13,"s:213:45:213:58":69,"f:213:65:213:66":14,"s:213:82:213:94":70,"s:214:16:214:68":71,"s:215:16:215:52":72,"s:217:2:217:Infinity":73,"f:220:9:220:27":15,"s:221:2:221:Infinity":74,"b:221:54:221:74:221:77:221:93":24,"f:221:77:221:78":16,"s:221:83:221:93":75,"f:224:9:224:28":17,"s:225:20:225:97":76,"b:225:20:225:40:225:44:225:71:225:75:225:97":25,"b:227:2:232:Infinity:undefined:undefined:undefined:undefined":26,"s:227:2:232:Infinity":77,"b:227:6:227:34:227:38:227:51":27,"s:228:4:231:Infinity":78,"s:234:2:237:Infinity":79,"f:240:9:240:35":18,"s:241:21:241:54":80,"b:243:2:245:Infinity:undefined:undefined:undefined:undefined":28,"s:243:2:245:Infinity":81,"s:244:4:244:Infinity":82,"s:247:2:247:Infinity":83,"f:247:47:247:48":19,"s:247:58:247:83":84,"f:250:9:250:42":20,"b:251:2:256:Infinity:undefined:undefined:undefined:undefined":29,"s:251:2:256:Infinity":85,"s:252:4:255:Infinity":86,"b:258:2:263:Infinity:undefined:undefined:undefined:undefined":30,"s:258:2:263:Infinity":87,"s:259:4:262:Infinity":88,"s:265:21:265:59":89,"b:267:2:272:Infinity:undefined:undefined:undefined:undefined":31,"s:267:2:272:Infinity":90,"s:268:4:271:Infinity":91,"b:270:63:270:95:270:99:270:105":32,"s:275:4:275:75":92,"b:275:4:275:61:275:65:275:75":33,"b:277:2:297:Infinity:undefined:undefined:undefined:undefined":34,"s:277:2:297:Infinity":93,"b:278:4:283:Infinity:undefined:undefined:undefined:undefined":35,"s:278:4:283:Infinity":94,"s:279:6:282:Infinity":95,"s:285:4:296:Infinity":96,"b:291:8:291:36:292:8:292:61":36,"b:299:2:304:Infinity:undefined:undefined:undefined:undefined":37,"s:299:2:304:Infinity":97,"s:300:4:303:Infinity":98,"b:306:2:311:Infinity:undefined:undefined:undefined:undefined":38,"s:306:2:311:Infinity":99,"b:306:6:306:42:306:46:306:84":39,"s:307:4:310:Infinity":100,"b:313:2:322:Infinity:undefined:undefined:undefined:undefined":40,"s:313:2:322:Infinity":101,"b:314:4:314:38:315:4:315:33:316:4:316:Infinity":41,"s:318:4:321:Infinity":102,"s:324:2:335:Infinity":103,"b:329:12:329:40:329:44:329:77":42,"b:332:8:332:Infinity:333:8:333:10":43,"f:332:35:332:36":21,"s:332:46:332:63":104,"b:334:42:334:74:334:77:334:Infinity":44,"f:338:9:338:22":22,"b:339:2:341:Infinity:undefined:undefined:undefined:undefined":45,"s:339:2:341:Infinity":105,"s:340:4:340:Infinity":106,"b:343:2:369:Infinity:undefined:undefined:undefined:undefined":46,"s:343:2:369:Infinity":107,"b:344:4:349:Infinity:undefined:undefined:undefined:undefined":47,"s:344:4:349:Infinity":108,"s:345:6:348:Infinity":109,"s:351:29:353:10":110,"b:352:8:352:Infinity:353:8:353:10":48,"s:357:4:366:Infinity":111,"s:358:6:358:Infinity":112,"s:360:22:360:76":113,"b:360:47:360:60:360:63:360:76":49,"s:362:6:365:Infinity":114,"s:368:4:368:Infinity":115,"s:371:2:375:Infinity":116,"f:378:9:378:33":23,"s:379:25:379:60":117,"b:381:2:383:Infinity:undefined:undefined:undefined:undefined":50,"s:381:2:383:Infinity":118,"s:382:4:382:Infinity":119,"b:385:2:387:Infinity:undefined:undefined:undefined:undefined":51,"s:385:2:387:Infinity":120,"s:386:4:386:Infinity":121,"b:386:33:386:39:386:42:386:48":52,"s:389:21:389:64":122,"b:391:2:393:Infinity:undefined:undefined:undefined:undefined":53,"s:391:2:393:Infinity":123,"s:392:4:392:Infinity":124,"b:395:2:397:Infinity:undefined:undefined:undefined:undefined":54,"s:395:2:397:Infinity":125,"s:396:4:396:Infinity":126,"s:399:2:399:Infinity":127,"f:402:9:402:38":24,"b:403:2:405:Infinity:undefined:undefined:undefined:undefined":55,"s:403:2:405:Infinity":128,"s:404:4:404:Infinity":129,"s:407:25:407:78":130,"b:409:2:411:Infinity:undefined:undefined:undefined:undefined":56,"s:409:2:411:Infinity":131,"s:410:4:410:Infinity":132,"s:413:2:413:Infinity":133,"f:416:9:416:30":25,"b:417:2:422:Infinity:undefined:undefined:undefined:undefined":57,"s:417:2:422:Infinity":134,"s:418:4:421:Infinity":135,"s:424:17:424:72":136,"b:424:33:424:51:424:55:424:71":58,"b:426:2:431:Infinity:undefined:undefined:undefined:undefined":59,"s:426:2:431:Infinity":137,"s:427:4:430:Infinity":138,"s:433:23:433:73":139,"b:435:2:440:Infinity:undefined:undefined:undefined:undefined":60,"s:435:2:440:Infinity":140,"b:435:6:435:37:435:41:435:62":61,"s:436:4:439:Infinity":141,"s:442:17:442:54":142,"s:443:16:443:56":143,"b:443:16:443:48:443:52:443:56":62,"s:444:22:446:3":144,"b:445:4:445:25:445:29:445:50:445:54:445:Infinity":63,"s:448:29:448:65":145,"s:449:27:449:70":146,"b:451:2:456:Infinity:undefined:undefined:undefined:undefined":64,"s:451:2:456:Infinity":147,"b:451:6:451:24:451:28:451:45":65,"s:452:4:455:Infinity":148,"b:454:47:454:84:454:88:454:94":66,"s:458:21:458:74":149,"b:458:21:458:37:458:42:458:73":67,"b:458:62:458:66:458:69:458:73":68,"s:461:4:463:68":150,"b:461:4:461:53:462:4:462:14:463:5:463:67":69,"b:463:25:463:29:463:32:463:67":70,"s:465:2:479:Infinity":151,"b:472:40:472:58:472:61:472:65":71,"b:476:18:476:55:476:59:476:63":72,"b:477:16:477:51:477:55:477:Infinity":73,"f:482:9:482:25":26,"s:483:20:483:22":152,"s:485:2:496:Infinity":153,"s:485:19:485:20":154,"s:486:23:489:5":155,"b:491:4:493:Infinity:undefined:undefined:undefined:undefined":74,"s:491:4:493:Infinity":156,"s:492:6:492:Infinity":157,"s:495:4:495:Infinity":158,"b:498:2:509:Infinity:undefined:undefined:undefined:undefined":75,"s:498:2:509:Infinity":159,"s:499:23:502:5":160,"b:504:4:506:Infinity:undefined:undefined:undefined:undefined":76,"s:504:4:506:Infinity":161,"s:505:6:505:Infinity":162,"s:508:4:508:Infinity":163,"b:511:2:531:Infinity:undefined:undefined:undefined:undefined":77,"s:511:2:531:Infinity":164,"b:512:4:517:Infinity:undefined:undefined:undefined:undefined":78,"s:512:4:517:Infinity":165,"s:513:6:516:Infinity":166,"s:519:4:530:Infinity":167,"s:519:21:519:22":168,"s:520:25:523:7":169,"b:525:6:527:Infinity:undefined:undefined:undefined:undefined":79,"s:525:6:527:Infinity":170,"s:526:8:526:Infinity":171,"s:529:6:529:Infinity":172,"s:533:2:536:Infinity":173,"f:539:9:539:24":27,"b:540:2:542:Infinity:undefined:undefined:undefined:undefined":80,"s:540:2:542:Infinity":174,"s:541:4:541:Infinity":175,"s:544:22:544:51":176,"s:545:20:545:47":177,"s:546:25:546:53":178,"s:547:23:547:49":179,"b:549:2:551:Infinity:undefined:undefined:undefined:undefined":81,"s:549:2:551:Infinity":180,"b:549:6:549:20:549:24:549:36":82,"s:550:4:550:Infinity":181,"b:553:2:555:Infinity:undefined:undefined:undefined:undefined":83,"s:553:2:555:Infinity":182,"b:553:6:553:20:553:24:553:37":84,"s:554:4:554:Infinity":183,"b:557:2:559:Infinity:undefined:undefined:undefined:undefined":85,"s:557:2:559:Infinity":184,"b:557:6:557:21:557:25:557:37":86,"s:558:4:558:Infinity":185,"s:561:2:561:Infinity":186,"f:564:9:564:31":28,"s:565:19:565:28":187,"s:567:2:573:Infinity":188,"s:568:20:568:49":189,"b:570:4:572:Infinity:undefined:undefined:undefined:undefined":87,"s:570:4:572:Infinity":190,"s:571:6:571:Infinity":191,"s:575:2:575:Infinity":192,"f:578:9:578:30":29,"b:578:54:578:58":88,"s:579:2:589:Infinity":193,"b:588:38:588:57:588:60:588:Infinity":89,"f:592:9:592:35":30,"s:593:23:593:25":194,"s:595:21:611:4":195,"f:595:36:595:37":31,"s:596:24:596:31":196,"s:597:21:597:74":197,"b:597:21:597:41:597:45:597:74":90,"s:599:17:607:5":198,"b:606:40:606:59:606:62:606:Infinity":91,"s:609:4:609:Infinity":199,"s:610:4:610:Infinity":200,"s:613:19:629:4":201,"f:613:38:613:39":32,"s:614:24:614:31":202,"s:615:21:615:80":203,"b:615:21:615:41:615:45:615:80":92,"s:617:20:625:5":204,"s:627:4:627:Infinity":205,"s:628:4:628:Infinity":206,"s:631:2:635:Infinity":207,"f:638:9:638:32":33,"s:639:24:639:26":208,"s:641:18:653:3":209,"f:641:18:641:19":34,"b:642:4:644:Infinity:undefined:undefined:undefined:undefined":93,"s:642:4:644:Infinity":210,"s:643:6:643:Infinity":211,"b:646:4:648:Infinity:undefined:undefined:undefined:undefined":94,"s:646:4:648:Infinity":212,"s:647:6:647:Infinity":213,"b:650:4:652:Infinity:undefined:undefined:undefined:undefined":95,"s:650:4:652:Infinity":214,"s:651:6:651:Infinity":215,"s:655:2:657:Infinity":216,"s:656:4:656:Infinity":217,"s:659:2:661:Infinity":218,"s:660:4:660:Infinity":219,"s:663:2:663:Infinity":220,"f:666:9:666:31":35,"b:667:2:669:Infinity:undefined:undefined:undefined:undefined":96,"s:667:2:669:Infinity":221,"f:667:20:667:21":36,"s:667:31:667:52":222,"s:668:4:668:Infinity":223,"b:671:2:673:Infinity:undefined:undefined:undefined:undefined":97,"s:671:2:673:Infinity":224,"f:671:21:671:22":37,"s:671:32:671:55":225,"s:672:4:672:Infinity":226,"b:675:2:677:Infinity:undefined:undefined:undefined:undefined":98,"s:675:2:677:Infinity":227,"f:675:20:675:21":38,"s:675:31:675:54":228,"s:676:4:676:Infinity":229,"s:679:2:679:Infinity":230,"f:682:9:682:27":39,"s:683:2:683:Infinity":231,"f:683:23:683:24":40,"s:683:34:683:57":232,"f:686:9:686:24":41,"s:687:19:687:20":233,"s:689:18:699:3":234,"f:689:18:689:19":42,"s:690:24:690:57":235,"b:692:4:694:Infinity:undefined:undefined:undefined:undefined":99,"s:692:4:694:Infinity":236,"s:693:6:693:Infinity":237,"b:696:4:698:Infinity:undefined:undefined:undefined:undefined":100,"s:696:4:698:Infinity":238,"s:697:6:697:Infinity":239,"s:701:2:703:Infinity":240,"s:702:4:702:Infinity":241,"s:705:2:707:Infinity":242,"s:706:4:706:Infinity":243,"s:709:2:709:Infinity":244,"f:712:9:712:21":43,"b:717:15:717:17":101,"b:718:13:718:15":102,"b:719:22:719:Infinity":103,"s:721:2:736:Infinity":245,"f:733:31:733:32":44,"s:733:42:733:59":246,"f:734:27:734:28":45,"s:734:38:734:55":247,"f:739:9:739:33":46,"b:741:15:741:16":104,"b:742:21:742:48":105,"b:743:15:743:17":106,"b:744:13:744:15":107,"b:745:15:745:16":108,"b:746:15:746:16":109,"s:749:2:764:Infinity":248,"b:763:23:763:40:763:44:763:Infinity":110,"f:767:9:767:28":47,"s:768:2:783:Infinity":249,"f:786:16:786:37":48,"b:786:55:786:57":111,"s:787:18:787:46":250,"b:787:36:787:41:787:44:787:46":112,"s:788:25:788:57":251,"b:788:45:788:52:788:55:788:57":113,"s:789:16:789:50":252,"s:790:22:790:29":253,"s:792:27:792:65":254,"b:794:2:799:Infinity:undefined:undefined:undefined:undefined":114,"s:794:2:799:Infinity":255,"s:795:4:798:Infinity":256,"b:801:2:809:Infinity:undefined:undefined:undefined:undefined":115,"s:801:2:809:Infinity":257,"s:802:4:808:Infinity":258,"s:811:26:811:70":259,"b:813:2:819:Infinity:undefined:undefined:undefined:undefined":116,"s:813:2:819:Infinity":260,"s:814:4:818:Infinity":261,"s:821:29:821:72":262,"b:823:2:829:Infinity:undefined:undefined:undefined:undefined":117,"s:823:2:829:Infinity":263,"s:824:4:828:Infinity":264,"s:831:19:831:71":265,"s:832:26:832:69":266,"s:834:21:834:47":267,"s:835:19:835:43":268,"s:836:23:836:51":269,"s:838:21:838:97":270,"s:839:21:839:55":271,"s:840:21:840:56":272,"s:842:24:842:69":273,"b:844:2:874:Infinity:undefined:undefined:undefined:undefined":118,"s:844:2:874:Infinity":274,"s:846:6:847:81":275,"b:847:34:847:74:847:77:847:80":119,"s:849:30:852:5":276,"b:854:4:856:Infinity:undefined:undefined:undefined:undefined":120,"s:854:4:856:Infinity":277,"s:855:6:855:Infinity":278,"s:858:4:873:Infinity":279,"s:876:13:876:62":280,"f:876:29:876:30":49,"s:876:40:876:61":281,"s:877:27:877:59":282,"b:879:2:906:Infinity:undefined:undefined:undefined:undefined":121,"s:879:2:906:Infinity":283,"b:879:6:879:8:879:12:879:28:879:32:879:62":122,"s:880:30:883:5":284,"b:885:4:887:Infinity:undefined:undefined:undefined:undefined":123,"s:885:4:887:Infinity":285,"s:886:6:886:Infinity":286,"s:889:4:905:Infinity":287,"s:908:28:911:4":288,"b:913:2:915:Infinity:undefined:undefined:undefined:undefined":124,"s:913:2:915:Infinity":289,"b:913:6:913:34:913:38:913:90":125,"s:914:4:914:Infinity":290,"s:917:2:934:Infinity":291}}}
}
