{"/root/.openclaw/workspace/projects/dashboard-openclaw/app/src/gate-verdict-calculator.js": {"path":"/root/.openclaw/workspace/projects/dashboard-openclaw/app/src/gate-verdict-calculator.js","statementMap":{"0":{"start":{"line":3,"column":21},"end":{"line":33,"column":2}},"1":{"start":{"line":35,"column":24},"end":{"line":35,"column":45}},"2":{"start":{"line":36,"column":19},"end":{"line":36,"column":56}},"3":{"start":{"line":38,"column":39},"end":{"line":64,"column":2}},"4":{"start":{"line":66,"column":25},"end":{"line":95,"column":2}},"5":{"start":{"line":98,"column":2},"end":{"line":98,"column":null}},"6":{"start":{"line":102,"column":2},"end":{"line":104,"column":null}},"7":{"start":{"line":103,"column":4},"end":{"line":103,"column":null}},"8":{"start":{"line":106,"column":2},"end":{"line":108,"column":null}},"9":{"start":{"line":107,"column":4},"end":{"line":107,"column":null}},"10":{"start":{"line":107,"column":32},"end":{"line":107,"column":49}},"11":{"start":{"line":110,"column":2},"end":{"line":118,"column":null}},"12":{"start":{"line":111,"column":18},"end":{"line":111,"column":20}},"13":{"start":{"line":113,"column":4},"end":{"line":115,"column":null}},"14":{"start":{"line":114,"column":6},"end":{"line":114,"column":null}},"15":{"start":{"line":117,"column":4},"end":{"line":117,"column":null}},"16":{"start":{"line":120,"column":2},"end":{"line":120,"column":null}},"17":{"start":{"line":124,"column":2},"end":{"line":126,"column":null}},"18":{"start":{"line":125,"column":4},"end":{"line":125,"column":null}},"19":{"start":{"line":128,"column":2},"end":{"line":128,"column":null}},"20":{"start":{"line":132,"column":2},"end":{"line":134,"column":null}},"21":{"start":{"line":133,"column":4},"end":{"line":133,"column":null}},"22":{"start":{"line":136,"column":17},"end":{"line":136,"column":19}},"23":{"start":{"line":137,"column":15},"end":{"line":137,"column":24}},"24":{"start":{"line":139,"column":2},"end":{"line":148,"column":null}},"25":{"start":{"line":140,"column":23},"end":{"line":140,"column":57}},"26":{"start":{"line":142,"column":4},"end":{"line":144,"column":null}},"27":{"start":{"line":143,"column":6},"end":{"line":143,"column":null}},"28":{"start":{"line":146,"column":4},"end":{"line":146,"column":null}},"29":{"start":{"line":147,"column":4},"end":{"line":147,"column":null}},"30":{"start":{"line":150,"column":2},"end":{"line":150,"column":null}},"31":{"start":{"line":150,"column":38},"end":{"line":150,"column":63}},"32":{"start":{"line":154,"column":21},"end":{"line":154,"column":41}},"33":{"start":{"line":156,"column":2},"end":{"line":158,"column":null}},"34":{"start":{"line":157,"column":4},"end":{"line":157,"column":null}},"35":{"start":{"line":160,"column":2},"end":{"line":160,"column":null}},"36":{"start":{"line":164,"column":21},"end":{"line":164,"column":55}},"37":{"start":{"line":166,"column":2},"end":{"line":168,"column":null}},"38":{"start":{"line":167,"column":4},"end":{"line":167,"column":null}},"39":{"start":{"line":170,"column":2},"end":{"line":170,"column":null}},"40":{"start":{"line":174,"column":21},"end":{"line":174,"column":54}},"41":{"start":{"line":176,"column":2},"end":{"line":178,"column":null}},"42":{"start":{"line":177,"column":4},"end":{"line":177,"column":null}},"43":{"start":{"line":180,"column":2},"end":{"line":180,"column":null}},"44":{"start":{"line":180,"column":58},"end":{"line":180,"column":83}},"45":{"start":{"line":184,"column":2},"end":{"line":187,"column":null}},"46":{"start":{"line":185,"column":19},"end":{"line":185,"column":34}},"47":{"start":{"line":186,"column":4},"end":{"line":186,"column":null}},"48":{"start":{"line":189,"column":2},"end":{"line":191,"column":null}},"49":{"start":{"line":190,"column":4},"end":{"line":190,"column":null}},"50":{"start":{"line":193,"column":2},"end":{"line":202,"column":null}},"51":{"start":{"line":194,"column":23},"end":{"line":194,"column":35}},"52":{"start":{"line":196,"column":4},"end":{"line":198,"column":null}},"53":{"start":{"line":197,"column":6},"end":{"line":197,"column":null}},"54":{"start":{"line":200,"column":19},"end":{"line":200,"column":41}},"55":{"start":{"line":201,"column":4},"end":{"line":201,"column":null}},"56":{"start":{"line":204,"column":2},"end":{"line":204,"column":null}},"57":{"start":{"line":208,"column":2},"end":{"line":208,"column":null}},"58":{"start":{"line":212,"column":16},"end":{"line":212,"column":35}},"59":{"start":{"line":213,"column":14},"end":{"line":213,"column":31}},"60":{"start":{"line":214,"column":20},"end":{"line":214,"column":54}},"61":{"start":{"line":215,"column":19},"end":{"line":215,"column":61}},"62":{"start":{"line":217,"column":2},"end":{"line":219,"column":null}},"63":{"start":{"line":218,"column":4},"end":{"line":218,"column":null}},"64":{"start":{"line":221,"column":2},"end":{"line":221,"column":null}},"65":{"start":{"line":225,"column":2},"end":{"line":227,"column":null}},"66":{"start":{"line":226,"column":4},"end":{"line":226,"column":null}},"67":{"start":{"line":229,"column":17},"end":{"line":229,"column":95}},"68":{"start":{"line":229,"column":45},"end":{"line":229,"column":58}},"69":{"start":{"line":229,"column":82},"end":{"line":229,"column":94}},"70":{"start":{"line":230,"column":16},"end":{"line":230,"column":68}},"71":{"start":{"line":231,"column":16},"end":{"line":231,"column":52}},"72":{"start":{"line":233,"column":2},"end":{"line":233,"column":null}},"73":{"start":{"line":237,"column":2},"end":{"line":237,"column":null}},"74":{"start":{"line":237,"column":83},"end":{"line":237,"column":93}},"75":{"start":{"line":241,"column":2},"end":{"line":251,"column":null}},"76":{"start":{"line":242,"column":16},"end":{"line":246,"column":5}},"77":{"start":{"line":244,"column":24},"end":{"line":244,"column":66}},"78":{"start":{"line":245,"column":27},"end":{"line":245,"column":43}},"79":{"start":{"line":248,"column":4},"end":{"line":250,"column":null}},"80":{"start":{"line":249,"column":6},"end":{"line":249,"column":null}},"81":{"start":{"line":253,"column":2},"end":{"line":255,"column":null}},"82":{"start":{"line":254,"column":4},"end":{"line":254,"column":null}},"83":{"start":{"line":257,"column":2},"end":{"line":257,"column":null}},"84":{"start":{"line":261,"column":2},"end":{"line":266,"column":null}},"85":{"start":{"line":262,"column":4},"end":{"line":265,"column":null}},"86":{"start":{"line":268,"column":17},"end":{"line":268,"column":63}},"87":{"start":{"line":270,"column":2},"end":{"line":275,"column":null}},"88":{"start":{"line":271,"column":4},"end":{"line":274,"column":null}},"89":{"start":{"line":277,"column":17},"end":{"line":277,"column":51}},"90":{"start":{"line":279,"column":2},"end":{"line":284,"column":null}},"91":{"start":{"line":280,"column":4},"end":{"line":283,"column":null}},"92":{"start":{"line":286,"column":16},"end":{"line":286,"column":47}},"93":{"start":{"line":288,"column":2},"end":{"line":293,"column":null}},"94":{"start":{"line":289,"column":4},"end":{"line":292,"column":null}},"95":{"start":{"line":295,"column":22},"end":{"line":295,"column":60}},"96":{"start":{"line":297,"column":2},"end":{"line":302,"column":null}},"97":{"start":{"line":298,"column":4},"end":{"line":301,"column":null}},"98":{"start":{"line":305,"column":4},"end":{"line":309,"column":11}},"99":{"start":{"line":311,"column":2},"end":{"line":326,"column":null}},"100":{"start":{"line":330,"column":2},"end":{"line":335,"column":null}},"101":{"start":{"line":331,"column":4},"end":{"line":334,"column":null}},"102":{"start":{"line":337,"column":2},"end":{"line":342,"column":null}},"103":{"start":{"line":338,"column":4},"end":{"line":341,"column":null}},"104":{"start":{"line":344,"column":21},"end":{"line":344,"column":59}},"105":{"start":{"line":346,"column":2},"end":{"line":351,"column":null}},"106":{"start":{"line":347,"column":4},"end":{"line":350,"column":null}},"107":{"start":{"line":353,"column":27},"end":{"line":353,"column":98}},"108":{"start":{"line":355,"column":2},"end":{"line":376,"column":null}},"109":{"start":{"line":356,"column":4},"end":{"line":361,"column":null}},"110":{"start":{"line":357,"column":6},"end":{"line":360,"column":null}},"111":{"start":{"line":363,"column":4},"end":{"line":375,"column":null}},"112":{"start":{"line":378,"column":2},"end":{"line":383,"column":null}},"113":{"start":{"line":379,"column":4},"end":{"line":382,"column":null}},"114":{"start":{"line":385,"column":2},"end":{"line":390,"column":null}},"115":{"start":{"line":386,"column":4},"end":{"line":389,"column":null}},"116":{"start":{"line":392,"column":24},"end":{"line":392,"column":97}},"117":{"start":{"line":394,"column":2},"end":{"line":396,"column":null}},"118":{"start":{"line":395,"column":4},"end":{"line":395,"column":null}},"119":{"start":{"line":398,"column":25},"end":{"line":398,"column":101}},"120":{"start":{"line":400,"column":2},"end":{"line":402,"column":null}},"121":{"start":{"line":401,"column":4},"end":{"line":401,"column":null}},"122":{"start":{"line":405,"column":4},"end":{"line":407,"column":9}},"123":{"start":{"line":410,"column":4},"end":{"line":411,"column":52}},"124":{"start":{"line":413,"column":2},"end":{"line":428,"column":null}},"125":{"start":{"line":432,"column":2},"end":{"line":434,"column":null}},"126":{"start":{"line":433,"column":4},"end":{"line":433,"column":null}},"127":{"start":{"line":436,"column":2},"end":{"line":462,"column":null}},"128":{"start":{"line":437,"column":4},"end":{"line":442,"column":null}},"129":{"start":{"line":438,"column":6},"end":{"line":441,"column":null}},"130":{"start":{"line":444,"column":29},"end":{"line":446,"column":10}},"131":{"start":{"line":450,"column":4},"end":{"line":459,"column":null}},"132":{"start":{"line":451,"column":6},"end":{"line":451,"column":null}},"133":{"start":{"line":453,"column":22},"end":{"line":453,"column":76}},"134":{"start":{"line":455,"column":6},"end":{"line":458,"column":null}},"135":{"start":{"line":461,"column":4},"end":{"line":461,"column":null}},"136":{"start":{"line":464,"column":2},"end":{"line":467,"column":null}},"137":{"start":{"line":471,"column":23},"end":{"line":471,"column":25}},"138":{"start":{"line":473,"column":2},"end":{"line":482,"column":null}},"139":{"start":{"line":474,"column":4},"end":{"line":479,"column":null}},"140":{"start":{"line":475,"column":6},"end":{"line":478,"column":null}},"141":{"start":{"line":481,"column":4},"end":{"line":481,"column":null}},"142":{"start":{"line":484,"column":2},"end":{"line":504,"column":null}},"143":{"start":{"line":485,"column":4},"end":{"line":490,"column":null}},"144":{"start":{"line":486,"column":6},"end":{"line":489,"column":null}},"145":{"start":{"line":492,"column":4},"end":{"line":503,"column":null}},"146":{"start":{"line":493,"column":6},"end":{"line":498,"column":null}},"147":{"start":{"line":494,"column":8},"end":{"line":497,"column":null}},"148":{"start":{"line":500,"column":6},"end":{"line":502,"column":null}},"149":{"start":{"line":501,"column":8},"end":{"line":501,"column":null}},"150":{"start":{"line":506,"column":2},"end":{"line":511,"column":null}},"151":{"start":{"line":507,"column":4},"end":{"line":510,"column":null}},"152":{"start":{"line":513,"column":2},"end":{"line":517,"column":null}},"153":{"start":{"line":521,"column":2},"end":{"line":526,"column":null}},"154":{"start":{"line":522,"column":4},"end":{"line":525,"column":null}},"155":{"start":{"line":528,"column":2},"end":{"line":533,"column":null}},"156":{"start":{"line":529,"column":4},"end":{"line":532,"column":null}},"157":{"start":{"line":535,"column":21},"end":{"line":535,"column":23}},"158":{"start":{"line":537,"column":2},"end":{"line":577,"column":null}},"159":{"start":{"line":537,"column":19},"end":{"line":537,"column":20}},"160":{"start":{"line":538,"column":22},"end":{"line":538,"column":54}},"161":{"start":{"line":540,"column":4},"end":{"line":545,"column":null}},"162":{"start":{"line":541,"column":6},"end":{"line":544,"column":null}},"163":{"start":{"line":548,"column":6},"end":{"line":550,"column":27}},"164":{"start":{"line":552,"column":21},"end":{"line":552,"column":76}},"165":{"start":{"line":554,"column":4},"end":{"line":559,"column":null}},"166":{"start":{"line":555,"column":6},"end":{"line":558,"column":null}},"167":{"start":{"line":561,"column":4},"end":{"line":566,"column":null}},"168":{"start":{"line":562,"column":6},"end":{"line":565,"column":null}},"169":{"start":{"line":568,"column":4},"end":{"line":576,"column":null}},"170":{"start":{"line":579,"column":2},"end":{"line":582,"column":null}},"171":{"start":{"line":595,"column":2},"end":{"line":612,"column":null}},"172":{"start":{"line":610,"column":60},"end":{"line":610,"column":77}},"173":{"start":{"line":616,"column":2},"end":{"line":633,"column":null}},"174":{"start":{"line":637,"column":2},"end":{"line":654,"column":null}},"175":{"start":{"line":658,"column":16},"end":{"line":658,"column":22}},"176":{"start":{"line":660,"column":2},"end":{"line":664,"column":null}},"177":{"start":{"line":661,"column":4},"end":{"line":661,"column":null}},"178":{"start":{"line":662,"column":9},"end":{"line":664,"column":null}},"179":{"start":{"line":663,"column":4},"end":{"line":663,"column":null}},"180":{"start":{"line":666,"column":2},"end":{"line":668,"column":null}},"181":{"start":{"line":667,"column":4},"end":{"line":667,"column":null}},"182":{"start":{"line":670,"column":2},"end":{"line":674,"column":null}},"183":{"start":{"line":670,"column":41},"end":{"line":670,"column":86}},"184":{"start":{"line":671,"column":4},"end":{"line":671,"column":null}},"185":{"start":{"line":672,"column":9},"end":{"line":674,"column":null}},"186":{"start":{"line":672,"column":70},"end":{"line":672,"column":100}},"187":{"start":{"line":673,"column":4},"end":{"line":673,"column":null}},"188":{"start":{"line":676,"column":2},"end":{"line":676,"column":null}},"189":{"start":{"line":680,"column":18},"end":{"line":702,"column":3}},"190":{"start":{"line":704,"column":2},"end":{"line":712,"column":null}},"191":{"start":{"line":705,"column":4},"end":{"line":711,"column":null}},"192":{"start":{"line":714,"column":2},"end":{"line":722,"column":null}},"193":{"start":{"line":715,"column":4},"end":{"line":721,"column":null}},"194":{"start":{"line":724,"column":2},"end":{"line":730,"column":null}},"195":{"start":{"line":732,"column":2},"end":{"line":732,"column":null}},"196":{"start":{"line":736,"column":21},"end":{"line":744,"column":3}},"197":{"start":{"line":740,"column":26},"end":{"line":740,"column":71}},"198":{"start":{"line":741,"column":23},"end":{"line":741,"column":40}},"199":{"start":{"line":746,"column":2},"end":{"line":752,"column":null}},"200":{"start":{"line":747,"column":23},"end":{"line":747,"column":53}},"201":{"start":{"line":749,"column":4},"end":{"line":751,"column":null}},"202":{"start":{"line":750,"column":6},"end":{"line":750,"column":null}},"203":{"start":{"line":754,"column":2},"end":{"line":754,"column":null}},"204":{"start":{"line":758,"column":2},"end":{"line":760,"column":null}},"205":{"start":{"line":759,"column":4},"end":{"line":759,"column":null}},"206":{"start":{"line":764,"column":18},"end":{"line":764,"column":46}},"207":{"start":{"line":765,"column":25},"end":{"line":765,"column":57}},"208":{"start":{"line":766,"column":16},"end":{"line":766,"column":50}},"209":{"start":{"line":767,"column":22},"end":{"line":767,"column":29}},"210":{"start":{"line":769,"column":27},"end":{"line":769,"column":65}},"211":{"start":{"line":771,"column":2},"end":{"line":776,"column":null}},"212":{"start":{"line":772,"column":4},"end":{"line":775,"column":null}},"213":{"start":{"line":778,"column":2},"end":{"line":786,"column":null}},"214":{"start":{"line":779,"column":4},"end":{"line":785,"column":null}},"215":{"start":{"line":788,"column":29},"end":{"line":788,"column":59}},"216":{"start":{"line":790,"column":2},"end":{"line":796,"column":null}},"217":{"start":{"line":791,"column":4},"end":{"line":795,"column":null}},"218":{"start":{"line":798,"column":38},"end":{"line":798,"column":73}},"219":{"start":{"line":800,"column":2},"end":{"line":806,"column":null}},"220":{"start":{"line":801,"column":4},"end":{"line":805,"column":null}},"221":{"start":{"line":808,"column":25},"end":{"line":808,"column":27}},"222":{"start":{"line":809,"column":29},"end":{"line":809,"column":36}},"223":{"start":{"line":811,"column":18},"end":{"line":816,"column":4}},"224":{"start":{"line":818,"column":2},"end":{"line":818,"column":null}},"225":{"start":{"line":820,"column":26},"end":{"line":820,"column":57}},"226":{"start":{"line":821,"column":24},"end":{"line":821,"column":62}},"227":{"start":{"line":823,"column":30},"end":{"line":828,"column":4}},"228":{"start":{"line":830,"column":28},"end":{"line":833,"column":4}},"229":{"start":{"line":835,"column":17},"end":{"line":835,"column":98}},"230":{"start":{"line":837,"column":2},"end":{"line":839,"column":null}},"231":{"start":{"line":838,"column":4},"end":{"line":838,"column":null}},"232":{"start":{"line":841,"column":2},"end":{"line":843,"column":null}},"233":{"start":{"line":842,"column":4},"end":{"line":842,"column":null}},"234":{"start":{"line":845,"column":2},"end":{"line":848,"column":null}},"235":{"start":{"line":846,"column":4},"end":{"line":846,"column":null}},"236":{"start":{"line":847,"column":4},"end":{"line":847,"column":null}},"237":{"start":{"line":850,"column":2},"end":{"line":852,"column":null}},"238":{"start":{"line":851,"column":4},"end":{"line":851,"column":null}},"239":{"start":{"line":854,"column":2},"end":{"line":876,"column":null}},"240":{"start":{"line":855,"column":4},"end":{"line":855,"column":null}},"241":{"start":{"line":856,"column":4},"end":{"line":856,"column":null}},"242":{"start":{"line":858,"column":4},"end":{"line":875,"column":null}},"243":{"start":{"line":878,"column":22},"end":{"line":878,"column":50}},"244":{"start":{"line":880,"column":2},"end":{"line":882,"column":null}},"245":{"start":{"line":881,"column":4},"end":{"line":881,"column":null}},"246":{"start":{"line":885,"column":4},"end":{"line":889,"column":96}},"247":{"start":{"line":892,"column":4},"end":{"line":896,"column":116}},"248":{"start":{"line":898,"column":2},"end":{"line":915,"column":null}}},"fnMap":{"0":{"name":"isObject","decl":{"start":{"line":97,"column":9},"end":{"line":97,"column":17}},"loc":{"start":{"line":97,"column":25},"end":{"line":99,"column":null}},"line":97},"1":{"name":"cloneValue","decl":{"start":{"line":101,"column":9},"end":{"line":101,"column":19}},"loc":{"start":{"line":101,"column":27},"end":{"line":121,"column":null}},"line":101},"2":{"name":"(anonymous_2)","decl":{"start":{"line":107,"column":21},"end":{"line":107,"column":22}},"loc":{"start":{"line":107,"column":32},"end":{"line":107,"column":49}},"line":107},"3":{"name":"normalizeText","decl":{"start":{"line":123,"column":9},"end":{"line":123,"column":22}},"loc":{"start":{"line":123,"column":30},"end":{"line":129,"column":null}},"line":123},"4":{"name":"normalizeArray","decl":{"start":{"line":131,"column":9},"end":{"line":131,"column":23}},"loc":{"start":{"line":131,"column":31},"end":{"line":151,"column":null}},"line":131},"5":{"name":"(anonymous_5)","decl":{"start":{"line":150,"column":21},"end":{"line":150,"column":22}},"loc":{"start":{"line":150,"column":38},"end":{"line":150,"column":63}},"line":150},"6":{"name":"normalizeReasonCode","decl":{"start":{"line":153,"column":9},"end":{"line":153,"column":28}},"loc":{"start":{"line":153,"column":36},"end":{"line":161,"column":null}},"line":153},"7":{"name":"normalizeStatus","decl":{"start":{"line":163,"column":9},"end":{"line":163,"column":24}},"loc":{"start":{"line":163,"column":32},"end":{"line":171,"column":null}},"line":163},"8":{"name":"normalizeCorrectiveActions","decl":{"start":{"line":173,"column":9},"end":{"line":173,"column":35}},"loc":{"start":{"line":173,"column":67},"end":{"line":181,"column":null}},"line":173},"9":{"name":"(anonymous_9)","decl":{"start":{"line":180,"column":47},"end":{"line":180,"column":48}},"loc":{"start":{"line":180,"column":58},"end":{"line":180,"column":83}},"line":180},"10":{"name":"parseTimestampMs","decl":{"start":{"line":183,"column":9},"end":{"line":183,"column":25}},"loc":{"start":{"line":183,"column":33},"end":{"line":205,"column":null}},"line":183},"11":{"name":"toIso","decl":{"start":{"line":207,"column":9},"end":{"line":207,"column":14}},"loc":{"start":{"line":207,"column":24},"end":{"line":209,"column":null}},"line":207},"12":{"name":"toDurationMs","decl":{"start":{"line":211,"column":9},"end":{"line":211,"column":21}},"loc":{"start":{"line":211,"column":46},"end":{"line":222,"column":null}},"line":211},"13":{"name":"computePercentile","decl":{"start":{"line":224,"column":9},"end":{"line":224,"column":26}},"loc":{"start":{"line":224,"column":48},"end":{"line":234,"column":null}},"line":224},"14":{"name":"(anonymous_14)","decl":{"start":{"line":229,"column":34},"end":{"line":229,"column":35}},"loc":{"start":{"line":229,"column":45},"end":{"line":229,"column":58}},"line":229},"15":{"name":"(anonymous_15)","decl":{"start":{"line":229,"column":65},"end":{"line":229,"column":66}},"loc":{"start":{"line":229,"column":82},"end":{"line":229,"column":94}},"line":229},"16":{"name":"resolveNowProvider","decl":{"start":{"line":236,"column":9},"end":{"line":236,"column":27}},"loc":{"start":{"line":236,"column":44},"end":{"line":238,"column":null}},"line":236},"17":{"name":"(anonymous_17)","decl":{"start":{"line":237,"column":77},"end":{"line":237,"column":78}},"loc":{"start":{"line":237,"column":83},"end":{"line":237,"column":93}},"line":237},"18":{"name":"resolveInputGatesCount","decl":{"start":{"line":240,"column":9},"end":{"line":240,"column":31}},"loc":{"start":{"line":240,"column":41},"end":{"line":258,"column":null}},"line":240},"19":{"name":"(anonymous_19)","decl":{"start":{"line":244,"column":13},"end":{"line":244,"column":14}},"loc":{"start":{"line":244,"column":24},"end":{"line":244,"column":66}},"line":244},"20":{"name":"(anonymous_20)","decl":{"start":{"line":245,"column":16},"end":{"line":245,"column":17}},"loc":{"start":{"line":245,"column":27},"end":{"line":245,"column":43}},"line":245},"21":{"name":"normalizeDualSubGate","decl":{"start":{"line":260,"column":9},"end":{"line":260,"column":29}},"loc":{"start":{"line":260,"column":65},"end":{"line":327,"column":null}},"line":260},"22":{"name":"normalizeG4DualResult","decl":{"start":{"line":329,"column":9},"end":{"line":329,"column":30}},"loc":{"start":{"line":329,"column":39},"end":{"line":429,"column":null}},"line":329},"23":{"name":"resolveSource","decl":{"start":{"line":431,"column":9},"end":{"line":431,"column":22}},"loc":{"start":{"line":431,"column":48},"end":{"line":468,"column":null}},"line":431},"24":{"name":"normalizeEvidenceRefs","decl":{"start":{"line":470,"column":9},"end":{"line":470,"column":30}},"loc":{"start":{"line":470,"column":40},"end":{"line":518,"column":null}},"line":470},"25":{"name":"normalizeAdditionalSignals","decl":{"start":{"line":520,"column":9},"end":{"line":520,"column":35}},"loc":{"start":{"line":520,"column":45},"end":{"line":583,"column":null}},"line":520},"26":{"name":"createResult","decl":{"start":{"line":585,"column":9},"end":{"line":585,"column":21}},"loc":{"start":{"line":594,"column":3},"end":{"line":613,"column":null}},"line":594},"27":{"name":"(anonymous_27)","decl":{"start":{"line":610,"column":49},"end":{"line":610,"column":50}},"loc":{"start":{"line":610,"column":60},"end":{"line":610,"column":77}},"line":610},"28":{"name":"createInvalidInputResult","decl":{"start":{"line":615,"column":9},"end":{"line":615,"column":33}},"loc":{"start":{"line":615,"column":111},"end":{"line":634,"column":null}},"line":615},"29":{"name":"createBlockedResult","decl":{"start":{"line":636,"column":9},"end":{"line":636,"column":28}},"loc":{"start":{"line":636,"column":102},"end":{"line":655,"column":null}},"line":636},"30":{"name":"resolveVerdict","decl":{"start":{"line":657,"column":9},"end":{"line":657,"column":23}},"loc":{"start":{"line":657,"column":85},"end":{"line":677,"column":null}},"line":657},"31":{"name":"(anonymous_31)","decl":{"start":{"line":670,"column":29},"end":{"line":670,"column":30}},"loc":{"start":{"line":670,"column":41},"end":{"line":670,"column":86}},"line":670},"32":{"name":"(anonymous_32)","decl":{"start":{"line":672,"column":58},"end":{"line":672,"column":59}},"loc":{"start":{"line":672,"column":70},"end":{"line":672,"column":100}},"line":672},"33":{"name":"buildContributingFactors","decl":{"start":{"line":679,"column":9},"end":{"line":679,"column":33}},"loc":{"start":{"line":679,"column":98},"end":{"line":733,"column":null}},"line":679},"34":{"name":"resolveFailReasonCode","decl":{"start":{"line":735,"column":9},"end":{"line":735,"column":30}},"loc":{"start":{"line":735,"column":68},"end":{"line":755,"column":null}},"line":735},"35":{"name":"(anonymous_35)","decl":{"start":{"line":740,"column":14},"end":{"line":740,"column":15}},"loc":{"start":{"line":740,"column":26},"end":{"line":740,"column":71}},"line":740},"36":{"name":"(anonymous_36)","decl":{"start":{"line":741,"column":11},"end":{"line":741,"column":12}},"loc":{"start":{"line":741,"column":23},"end":{"line":741,"column":40}},"line":741},"37":{"name":"ensureAction","decl":{"start":{"line":757,"column":9},"end":{"line":757,"column":21}},"loc":{"start":{"line":757,"column":39},"end":{"line":761,"column":null}},"line":757},"38":{"name":"calculateGateVerdict","decl":{"start":{"line":763,"column":16},"end":{"line":763,"column":36}},"loc":{"start":{"line":763,"column":58},"end":{"line":916,"column":null}},"line":763}},"branchMap":{"0":{"loc":{"start":{"line":98,"column":9},"end":{"line":98,"column":77}},"type":"binary-expr","locations":[{"start":{"line":98,"column":9},"end":{"line":98,"column":23}},{"start":{"line":98,"column":27},"end":{"line":98,"column":52}},{"start":{"line":98,"column":56},"end":{"line":98,"column":77}}],"line":98},"1":{"loc":{"start":{"line":102,"column":2},"end":{"line":104,"column":null}},"type":"if","locations":[{"start":{"line":102,"column":2},"end":{"line":104,"column":null}},{"start":{},"end":{}}],"line":102},"2":{"loc":{"start":{"line":106,"column":2},"end":{"line":108,"column":null}},"type":"if","locations":[{"start":{"line":106,"column":2},"end":{"line":108,"column":null}},{"start":{},"end":{}}],"line":106},"3":{"loc":{"start":{"line":110,"column":2},"end":{"line":118,"column":null}},"type":"if","locations":[{"start":{"line":110,"column":2},"end":{"line":118,"column":null}},{"start":{},"end":{}}],"line":110},"4":{"loc":{"start":{"line":124,"column":2},"end":{"line":126,"column":null}},"type":"if","locations":[{"start":{"line":124,"column":2},"end":{"line":126,"column":null}},{"start":{},"end":{}}],"line":124},"5":{"loc":{"start":{"line":132,"column":2},"end":{"line":134,"column":null}},"type":"if","locations":[{"start":{"line":132,"column":2},"end":{"line":134,"column":null}},{"start":{},"end":{}}],"line":132},"6":{"loc":{"start":{"line":140,"column":44},"end":{"line":140,"column":55}},"type":"binary-expr","locations":[{"start":{"line":140,"column":44},"end":{"line":140,"column":49}},{"start":{"line":140,"column":53},"end":{"line":140,"column":55}}],"line":140},"7":{"loc":{"start":{"line":142,"column":4},"end":{"line":144,"column":null}},"type":"if","locations":[{"start":{"line":142,"column":4},"end":{"line":144,"column":null}},{"start":{},"end":{}}],"line":142},"8":{"loc":{"start":{"line":142,"column":8},"end":{"line":142,"column":55}},"type":"binary-expr","locations":[{"start":{"line":142,"column":8},"end":{"line":142,"column":31}},{"start":{"line":142,"column":35},"end":{"line":142,"column":55}}],"line":142},"9":{"loc":{"start":{"line":156,"column":2},"end":{"line":158,"column":null}},"type":"if","locations":[{"start":{"line":156,"column":2},"end":{"line":158,"column":null}},{"start":{},"end":{}}],"line":156},"10":{"loc":{"start":{"line":166,"column":2},"end":{"line":168,"column":null}},"type":"if","locations":[{"start":{"line":166,"column":2},"end":{"line":168,"column":null}},{"start":{},"end":{}}],"line":166},"11":{"loc":{"start":{"line":176,"column":2},"end":{"line":178,"column":null}},"type":"if","locations":[{"start":{"line":176,"column":2},"end":{"line":178,"column":null}},{"start":{},"end":{}}],"line":176},"12":{"loc":{"start":{"line":184,"column":2},"end":{"line":187,"column":null}},"type":"if","locations":[{"start":{"line":184,"column":2},"end":{"line":187,"column":null}},{"start":{},"end":{}}],"line":184},"13":{"loc":{"start":{"line":186,"column":11},"end":{"line":186,"column":50}},"type":"cond-expr","locations":[{"start":{"line":186,"column":37},"end":{"line":186,"column":43}},{"start":{"line":186,"column":46},"end":{"line":186,"column":50}}],"line":186},"14":{"loc":{"start":{"line":189,"column":2},"end":{"line":191,"column":null}},"type":"if","locations":[{"start":{"line":189,"column":2},"end":{"line":191,"column":null}},{"start":{},"end":{}}],"line":189},"15":{"loc":{"start":{"line":190,"column":11},"end":{"line":190,"column":60}},"type":"cond-expr","locations":[{"start":{"line":190,"column":36},"end":{"line":190,"column":53}},{"start":{"line":190,"column":56},"end":{"line":190,"column":60}}],"line":190},"16":{"loc":{"start":{"line":193,"column":2},"end":{"line":202,"column":null}},"type":"if","locations":[{"start":{"line":193,"column":2},"end":{"line":202,"column":null}},{"start":{},"end":{}}],"line":193},"17":{"loc":{"start":{"line":196,"column":4},"end":{"line":198,"column":null}},"type":"if","locations":[{"start":{"line":196,"column":4},"end":{"line":198,"column":null}},{"start":{},"end":{}}],"line":196},"18":{"loc":{"start":{"line":201,"column":11},"end":{"line":201,"column":50}},"type":"cond-expr","locations":[{"start":{"line":201,"column":37},"end":{"line":201,"column":43}},{"start":{"line":201,"column":46},"end":{"line":201,"column":50}}],"line":201},"19":{"loc":{"start":{"line":214,"column":20},"end":{"line":214,"column":54}},"type":"cond-expr","locations":[{"start":{"line":214,"column":45},"end":{"line":214,"column":50}},{"start":{"line":214,"column":53},"end":{"line":214,"column":54}}],"line":214},"20":{"loc":{"start":{"line":215,"column":19},"end":{"line":215,"column":61}},"type":"cond-expr","locations":[{"start":{"line":215,"column":42},"end":{"line":215,"column":57}},{"start":{"line":215,"column":60},"end":{"line":215,"column":61}}],"line":215},"21":{"loc":{"start":{"line":217,"column":2},"end":{"line":219,"column":null}},"type":"if","locations":[{"start":{"line":217,"column":2},"end":{"line":219,"column":null}},{"start":{},"end":{}}],"line":217},"22":{"loc":{"start":{"line":217,"column":6},"end":{"line":217,"column":48}},"type":"binary-expr","locations":[{"start":{"line":217,"column":6},"end":{"line":217,"column":32}},{"start":{"line":217,"column":36},"end":{"line":217,"column":48}}],"line":217},"23":{"loc":{"start":{"line":225,"column":2},"end":{"line":227,"column":null}},"type":"if","locations":[{"start":{"line":225,"column":2},"end":{"line":227,"column":null}},{"start":{},"end":{}}],"line":225},"24":{"loc":{"start":{"line":225,"column":6},"end":{"line":225,"column":53}},"type":"binary-expr","locations":[{"start":{"line":225,"column":6},"end":{"line":225,"column":29}},{"start":{"line":225,"column":33},"end":{"line":225,"column":53}}],"line":225},"25":{"loc":{"start":{"line":237,"column":9},"end":{"line":237,"column":93}},"type":"cond-expr","locations":[{"start":{"line":237,"column":54},"end":{"line":237,"column":74}},{"start":{"line":237,"column":77},"end":{"line":237,"column":93}}],"line":237},"26":{"loc":{"start":{"line":241,"column":2},"end":{"line":251,"column":null}},"type":"if","locations":[{"start":{"line":241,"column":2},"end":{"line":251,"column":null}},{"start":{},"end":{}}],"line":241},"27":{"loc":{"start":{"line":248,"column":4},"end":{"line":250,"column":null}},"type":"if","locations":[{"start":{"line":248,"column":4},"end":{"line":250,"column":null}},{"start":{},"end":{}}],"line":248},"28":{"loc":{"start":{"line":253,"column":2},"end":{"line":255,"column":null}},"type":"if","locations":[{"start":{"line":253,"column":2},"end":{"line":255,"column":null}},{"start":{},"end":{}}],"line":253},"29":{"loc":{"start":{"line":253,"column":6},"end":{"line":253,"column":79}},"type":"binary-expr","locations":[{"start":{"line":253,"column":6},"end":{"line":253,"column":47}},{"start":{"line":253,"column":51},"end":{"line":253,"column":79}}],"line":253},"30":{"loc":{"start":{"line":261,"column":2},"end":{"line":266,"column":null}},"type":"if","locations":[{"start":{"line":261,"column":2},"end":{"line":266,"column":null}},{"start":{},"end":{}}],"line":261},"31":{"loc":{"start":{"line":270,"column":2},"end":{"line":275,"column":null}},"type":"if","locations":[{"start":{"line":270,"column":2},"end":{"line":275,"column":null}},{"start":{},"end":{}}],"line":270},"32":{"loc":{"start":{"line":279,"column":2},"end":{"line":284,"column":null}},"type":"if","locations":[{"start":{"line":279,"column":2},"end":{"line":284,"column":null}},{"start":{},"end":{}}],"line":279},"33":{"loc":{"start":{"line":288,"column":2},"end":{"line":293,"column":null}},"type":"if","locations":[{"start":{"line":288,"column":2},"end":{"line":293,"column":null}},{"start":{},"end":{}}],"line":288},"34":{"loc":{"start":{"line":297,"column":2},"end":{"line":302,"column":null}},"type":"if","locations":[{"start":{"line":297,"column":2},"end":{"line":302,"column":null}},{"start":{},"end":{}}],"line":297},"35":{"loc":{"start":{"line":305,"column":4},"end":{"line":309,"column":11}},"type":"cond-expr","locations":[{"start":{"line":306,"column":8},"end":{"line":306,"column":null}},{"start":{"line":307,"column":8},"end":{"line":309,"column":11}}],"line":305},"36":{"loc":{"start":{"line":305,"column":4},"end":{"line":305,"column":null}},"type":"binary-expr","locations":[{"start":{"line":305,"column":4},"end":{"line":305,"column":46}},{"start":{"line":305,"column":50},"end":{"line":305,"column":null}}],"line":305},"37":{"loc":{"start":{"line":307,"column":8},"end":{"line":309,"column":11}},"type":"cond-expr","locations":[{"start":{"line":308,"column":10},"end":{"line":308,"column":null}},{"start":{"line":309,"column":10},"end":{"line":309,"column":11}}],"line":307},"38":{"loc":{"start":{"line":320,"column":18},"end":{"line":320,"column":97}},"type":"binary-expr","locations":[{"start":{"line":320,"column":18},"end":{"line":320,"column":60}},{"start":{"line":320,"column":65},"end":{"line":320,"column":96}}],"line":320},"39":{"loc":{"start":{"line":320,"column":65},"end":{"line":320,"column":96}},"type":"cond-expr","locations":[{"start":{"line":320,"column":85},"end":{"line":320,"column":89}},{"start":{"line":320,"column":92},"end":{"line":320,"column":96}}],"line":320},"40":{"loc":{"start":{"line":322,"column":8},"end":{"line":324,"column":null}},"type":"binary-expr","locations":[{"start":{"line":322,"column":8},"end":{"line":322,"column":56}},{"start":{"line":323,"column":8},"end":{"line":323,"column":50}},{"start":{"line":324,"column":9},"end":{"line":324,"column":63}}],"line":322},"41":{"loc":{"start":{"line":324,"column":9},"end":{"line":324,"column":63}},"type":"cond-expr","locations":[{"start":{"line":324,"column":29},"end":{"line":324,"column":33}},{"start":{"line":324,"column":36},"end":{"line":324,"column":63}}],"line":324},"42":{"loc":{"start":{"line":330,"column":2},"end":{"line":335,"column":null}},"type":"if","locations":[{"start":{"line":330,"column":2},"end":{"line":335,"column":null}},{"start":{},"end":{}}],"line":330},"43":{"loc":{"start":{"line":337,"column":2},"end":{"line":342,"column":null}},"type":"if","locations":[{"start":{"line":337,"column":2},"end":{"line":342,"column":null}},{"start":{},"end":{}}],"line":337},"44":{"loc":{"start":{"line":346,"column":2},"end":{"line":351,"column":null}},"type":"if","locations":[{"start":{"line":346,"column":2},"end":{"line":351,"column":null}},{"start":{},"end":{}}],"line":346},"45":{"loc":{"start":{"line":349,"column":51},"end":{"line":349,"column":93}},"type":"binary-expr","locations":[{"start":{"line":349,"column":51},"end":{"line":349,"column":83}},{"start":{"line":349,"column":87},"end":{"line":349,"column":93}}],"line":349},"46":{"loc":{"start":{"line":353,"column":27},"end":{"line":353,"column":98}},"type":"binary-expr","locations":[{"start":{"line":353,"column":27},"end":{"line":353,"column":84}},{"start":{"line":353,"column":88},"end":{"line":353,"column":98}}],"line":353},"47":{"loc":{"start":{"line":355,"column":2},"end":{"line":376,"column":null}},"type":"if","locations":[{"start":{"line":355,"column":2},"end":{"line":376,"column":null}},{"start":{},"end":{}}],"line":355},"48":{"loc":{"start":{"line":356,"column":4},"end":{"line":361,"column":null}},"type":"if","locations":[{"start":{"line":356,"column":4},"end":{"line":361,"column":null}},{"start":{},"end":{}}],"line":356},"49":{"loc":{"start":{"line":368,"column":14},"end":{"line":368,"column":87}},"type":"binary-expr","locations":[{"start":{"line":368,"column":14},"end":{"line":368,"column":42}},{"start":{"line":368,"column":46},"end":{"line":368,"column":87}}],"line":368},"50":{"loc":{"start":{"line":378,"column":2},"end":{"line":383,"column":null}},"type":"if","locations":[{"start":{"line":378,"column":2},"end":{"line":383,"column":null}},{"start":{},"end":{}}],"line":378},"51":{"loc":{"start":{"line":385,"column":2},"end":{"line":390,"column":null}},"type":"if","locations":[{"start":{"line":385,"column":2},"end":{"line":390,"column":null}},{"start":{},"end":{}}],"line":385},"52":{"loc":{"start":{"line":394,"column":2},"end":{"line":396,"column":null}},"type":"if","locations":[{"start":{"line":394,"column":2},"end":{"line":396,"column":null}},{"start":{},"end":{}}],"line":394},"53":{"loc":{"start":{"line":400,"column":2},"end":{"line":402,"column":null}},"type":"if","locations":[{"start":{"line":400,"column":2},"end":{"line":402,"column":null}},{"start":{},"end":{}}],"line":400},"54":{"loc":{"start":{"line":405,"column":4},"end":{"line":407,"column":9}},"type":"cond-expr","locations":[{"start":{"line":406,"column":8},"end":{"line":406,"column":null}},{"start":{"line":407,"column":8},"end":{"line":407,"column":9}}],"line":405},"55":{"loc":{"start":{"line":405,"column":4},"end":{"line":405,"column":null}},"type":"binary-expr","locations":[{"start":{"line":405,"column":4},"end":{"line":405,"column":55}},{"start":{"line":405,"column":59},"end":{"line":405,"column":null}}],"line":405},"56":{"loc":{"start":{"line":410,"column":4},"end":{"line":411,"column":52}},"type":"binary-expr","locations":[{"start":{"line":410,"column":4},"end":{"line":410,"column":52}},{"start":{"line":411,"column":4},"end":{"line":411,"column":52}}],"line":410},"57":{"loc":{"start":{"line":425,"column":6},"end":{"line":427,"column":null}},"type":"cond-expr","locations":[{"start":{"line":426,"column":10},"end":{"line":426,"column":null}},{"start":{"line":427,"column":10},"end":{"line":427,"column":null}}],"line":425},"58":{"loc":{"start":{"line":432,"column":2},"end":{"line":434,"column":null}},"type":"if","locations":[{"start":{"line":432,"column":2},"end":{"line":434,"column":null}},{"start":{},"end":{}}],"line":432},"59":{"loc":{"start":{"line":436,"column":2},"end":{"line":462,"column":null}},"type":"if","locations":[{"start":{"line":436,"column":2},"end":{"line":462,"column":null}},{"start":{},"end":{}}],"line":436},"60":{"loc":{"start":{"line":437,"column":4},"end":{"line":442,"column":null}},"type":"if","locations":[{"start":{"line":437,"column":4},"end":{"line":442,"column":null}},{"start":{},"end":{}}],"line":437},"61":{"loc":{"start":{"line":444,"column":29},"end":{"line":446,"column":10}},"type":"cond-expr","locations":[{"start":{"line":445,"column":8},"end":{"line":445,"column":null}},{"start":{"line":446,"column":8},"end":{"line":446,"column":10}}],"line":444},"62":{"loc":{"start":{"line":453,"column":22},"end":{"line":453,"column":76}},"type":"cond-expr","locations":[{"start":{"line":453,"column":47},"end":{"line":453,"column":60}},{"start":{"line":453,"column":63},"end":{"line":453,"column":76}}],"line":453},"63":{"loc":{"start":{"line":473,"column":2},"end":{"line":482,"column":null}},"type":"if","locations":[{"start":{"line":473,"column":2},"end":{"line":482,"column":null}},{"start":{},"end":{}}],"line":473},"64":{"loc":{"start":{"line":474,"column":4},"end":{"line":479,"column":null}},"type":"if","locations":[{"start":{"line":474,"column":4},"end":{"line":479,"column":null}},{"start":{},"end":{}}],"line":474},"65":{"loc":{"start":{"line":484,"column":2},"end":{"line":504,"column":null}},"type":"if","locations":[{"start":{"line":484,"column":2},"end":{"line":504,"column":null}},{"start":{},"end":{}}],"line":484},"66":{"loc":{"start":{"line":485,"column":4},"end":{"line":490,"column":null}},"type":"if","locations":[{"start":{"line":485,"column":4},"end":{"line":490,"column":null}},{"start":{},"end":{}}],"line":485},"67":{"loc":{"start":{"line":493,"column":6},"end":{"line":498,"column":null}},"type":"if","locations":[{"start":{"line":493,"column":6},"end":{"line":498,"column":null}},{"start":{},"end":{}}],"line":493},"68":{"loc":{"start":{"line":501,"column":46},"end":{"line":501,"column":55}},"type":"binary-expr","locations":[{"start":{"line":501,"column":46},"end":{"line":501,"column":49}},{"start":{"line":501,"column":53},"end":{"line":501,"column":55}}],"line":501},"69":{"loc":{"start":{"line":506,"column":2},"end":{"line":511,"column":null}},"type":"if","locations":[{"start":{"line":506,"column":2},"end":{"line":511,"column":null}},{"start":{},"end":{}}],"line":506},"70":{"loc":{"start":{"line":506,"column":6},"end":{"line":506,"column":99}},"type":"binary-expr","locations":[{"start":{"line":506,"column":6},"end":{"line":506,"column":47}},{"start":{"line":506,"column":51},"end":{"line":506,"column":99}}],"line":506},"71":{"loc":{"start":{"line":521,"column":2},"end":{"line":526,"column":null}},"type":"if","locations":[{"start":{"line":521,"column":2},"end":{"line":526,"column":null}},{"start":{},"end":{}}],"line":521},"72":{"loc":{"start":{"line":528,"column":2},"end":{"line":533,"column":null}},"type":"if","locations":[{"start":{"line":528,"column":2},"end":{"line":533,"column":null}},{"start":{},"end":{}}],"line":528},"73":{"loc":{"start":{"line":540,"column":4},"end":{"line":545,"column":null}},"type":"if","locations":[{"start":{"line":540,"column":4},"end":{"line":545,"column":null}},{"start":{},"end":{}}],"line":540},"74":{"loc":{"start":{"line":548,"column":6},"end":{"line":550,"column":27}},"type":"binary-expr","locations":[{"start":{"line":548,"column":6},"end":{"line":548,"column":39}},{"start":{"line":549,"column":6},"end":{"line":549,"column":33}},{"start":{"line":550,"column":6},"end":{"line":550,"column":27}}],"line":548},"75":{"loc":{"start":{"line":552,"column":37},"end":{"line":552,"column":75}},"type":"binary-expr","locations":[{"start":{"line":552,"column":37},"end":{"line":552,"column":55}},{"start":{"line":552,"column":59},"end":{"line":552,"column":75}}],"line":552},"76":{"loc":{"start":{"line":554,"column":4},"end":{"line":559,"column":null}},"type":"if","locations":[{"start":{"line":554,"column":4},"end":{"line":559,"column":null}},{"start":{},"end":{}}],"line":554},"77":{"loc":{"start":{"line":561,"column":4},"end":{"line":566,"column":null}},"type":"if","locations":[{"start":{"line":561,"column":4},"end":{"line":566,"column":null}},{"start":{},"end":{}}],"line":561},"78":{"loc":{"start":{"line":561,"column":8},"end":{"line":561,"column":83}},"type":"binary-expr","locations":[{"start":{"line":561,"column":8},"end":{"line":561,"column":40}},{"start":{"line":561,"column":44},"end":{"line":561,"column":83}}],"line":561},"79":{"loc":{"start":{"line":571,"column":16},"end":{"line":571,"column":98}},"type":"cond-expr","locations":[{"start":{"line":571,"column":58},"end":{"line":571,"column":76}},{"start":{"line":571,"column":79},"end":{"line":571,"column":98}}],"line":571},"80":{"loc":{"start":{"line":572,"column":14},"end":{"line":572,"column":53}},"type":"binary-expr","locations":[{"start":{"line":572,"column":14},"end":{"line":572,"column":45}},{"start":{"line":572,"column":49},"end":{"line":572,"column":53}}],"line":572},"81":{"loc":{"start":{"line":574,"column":8},"end":{"line":575,"column":null}},"type":"binary-expr","locations":[{"start":{"line":574,"column":8},"end":{"line":574,"column":49}},{"start":{"line":575,"column":9},"end":{"line":575,"column":62}}],"line":574},"82":{"loc":{"start":{"line":575,"column":9},"end":{"line":575,"column":62}},"type":"cond-expr","locations":[{"start":{"line":575,"column":31},"end":{"line":575,"column":35}},{"start":{"line":575,"column":38},"end":{"line":575,"column":62}}],"line":575},"83":{"loc":{"start":{"line":615,"column":44},"end":{"line":615,"column":58}},"type":"default-arg","locations":[{"start":{"line":615,"column":57},"end":{"line":615,"column":58}}],"line":615},"84":{"loc":{"start":{"line":615,"column":60},"end":{"line":615,"column":107}},"type":"default-arg","locations":[{"start":{"line":615,"column":79},"end":{"line":615,"column":107}}],"line":615},"85":{"loc":{"start":{"line":660,"column":2},"end":{"line":664,"column":null}},"type":"if","locations":[{"start":{"line":660,"column":2},"end":{"line":664,"column":null}},{"start":{"line":662,"column":9},"end":{"line":664,"column":null}}],"line":660},"86":{"loc":{"start":{"line":660,"column":6},"end":{"line":660,"column":51}},"type":"binary-expr","locations":[{"start":{"line":660,"column":6},"end":{"line":660,"column":26}},{"start":{"line":660,"column":30},"end":{"line":660,"column":51}}],"line":660},"87":{"loc":{"start":{"line":662,"column":9},"end":{"line":664,"column":null}},"type":"if","locations":[{"start":{"line":662,"column":9},"end":{"line":664,"column":null}},{"start":{},"end":{}}],"line":662},"88":{"loc":{"start":{"line":662,"column":13},"end":{"line":662,"column":66}},"type":"binary-expr","locations":[{"start":{"line":662,"column":13},"end":{"line":662,"column":37}},{"start":{"line":662,"column":41},"end":{"line":662,"column":66}}],"line":662},"89":{"loc":{"start":{"line":666,"column":2},"end":{"line":668,"column":null}},"type":"if","locations":[{"start":{"line":666,"column":2},"end":{"line":668,"column":null}},{"start":{},"end":{}}],"line":666},"90":{"loc":{"start":{"line":670,"column":2},"end":{"line":674,"column":null}},"type":"if","locations":[{"start":{"line":670,"column":2},"end":{"line":674,"column":null}},{"start":{"line":672,"column":9},"end":{"line":674,"column":null}}],"line":670},"91":{"loc":{"start":{"line":670,"column":41},"end":{"line":670,"column":86}},"type":"binary-expr","locations":[{"start":{"line":670,"column":41},"end":{"line":670,"column":56}},{"start":{"line":670,"column":60},"end":{"line":670,"column":86}}],"line":670},"92":{"loc":{"start":{"line":672,"column":9},"end":{"line":674,"column":null}},"type":"if","locations":[{"start":{"line":672,"column":9},"end":{"line":674,"column":null}},{"start":{},"end":{}}],"line":672},"93":{"loc":{"start":{"line":672,"column":13},"end":{"line":672,"column":101}},"type":"binary-expr","locations":[{"start":{"line":672,"column":13},"end":{"line":672,"column":31}},{"start":{"line":672,"column":35},"end":{"line":672,"column":101}}],"line":672},"94":{"loc":{"start":{"line":685,"column":14},"end":{"line":685,"column":76}},"type":"cond-expr","locations":[{"start":{"line":685,"column":55},"end":{"line":685,"column":64}},{"start":{"line":685,"column":67},"end":{"line":685,"column":76}}],"line":685},"95":{"loc":{"start":{"line":692,"column":14},"end":{"line":692,"column":77}},"type":"cond-expr","locations":[{"start":{"line":692,"column":56},"end":{"line":692,"column":65}},{"start":{"line":692,"column":68},"end":{"line":692,"column":77}}],"line":692},"96":{"loc":{"start":{"line":698,"column":14},"end":{"line":698,"column":55}},"type":"cond-expr","locations":[{"start":{"line":698,"column":40},"end":{"line":698,"column":46}},{"start":{"line":698,"column":49},"end":{"line":698,"column":55}}],"line":698},"97":{"loc":{"start":{"line":699,"column":14},"end":{"line":699,"column":59}},"type":"cond-expr","locations":[{"start":{"line":699,"column":40},"end":{"line":699,"column":49}},{"start":{"line":699,"column":52},"end":{"line":699,"column":59}}],"line":699},"98":{"loc":{"start":{"line":704,"column":2},"end":{"line":712,"column":null}},"type":"if","locations":[{"start":{"line":704,"column":2},"end":{"line":712,"column":null}},{"start":{},"end":{}}],"line":704},"99":{"loc":{"start":{"line":704,"column":6},"end":{"line":704,"column":83}},"type":"binary-expr","locations":[{"start":{"line":704,"column":6},"end":{"line":704,"column":40}},{"start":{"line":704,"column":44},"end":{"line":704,"column":83}}],"line":704},"100":{"loc":{"start":{"line":719,"column":14},"end":{"line":719,"column":126}},"type":"cond-expr","locations":[{"start":{"line":719,"column":62},"end":{"line":719,"column":69}},{"start":{"line":719,"column":72},"end":{"line":719,"column":126}}],"line":719},"101":{"loc":{"start":{"line":719,"column":14},"end":{"line":719,"column":59}},"type":"binary-expr","locations":[{"start":{"line":719,"column":14},"end":{"line":719,"column":29}},{"start":{"line":719,"column":33},"end":{"line":719,"column":59}}],"line":719},"102":{"loc":{"start":{"line":719,"column":72},"end":{"line":719,"column":126}},"type":"cond-expr","locations":[{"start":{"line":719,"column":105},"end":{"line":719,"column":114}},{"start":{"line":719,"column":117},"end":{"line":719,"column":126}}],"line":719},"103":{"loc":{"start":{"line":720,"column":14},"end":{"line":720,"column":null}},"type":"binary-expr","locations":[{"start":{"line":720,"column":14},"end":{"line":720,"column":27}},{"start":{"line":720,"column":31},"end":{"line":720,"column":null}}],"line":720},"104":{"loc":{"start":{"line":728,"column":12},"end":{"line":728,"column":52}},"type":"cond-expr","locations":[{"start":{"line":728,"column":33},"end":{"line":728,"column":42}},{"start":{"line":728,"column":45},"end":{"line":728,"column":52}}],"line":728},"105":{"loc":{"start":{"line":737,"column":4},"end":{"line":737,"column":84}},"type":"cond-expr","locations":[{"start":{"line":737,"column":46},"end":{"line":737,"column":77}},{"start":{"line":737,"column":80},"end":{"line":737,"column":84}}],"line":737},"106":{"loc":{"start":{"line":738,"column":4},"end":{"line":738,"column":86}},"type":"cond-expr","locations":[{"start":{"line":738,"column":47},"end":{"line":738,"column":79}},{"start":{"line":738,"column":82},"end":{"line":738,"column":86}}],"line":738},"107":{"loc":{"start":{"line":740,"column":26},"end":{"line":740,"column":71}},"type":"binary-expr","locations":[{"start":{"line":740,"column":26},"end":{"line":740,"column":41}},{"start":{"line":740,"column":45},"end":{"line":740,"column":71}}],"line":740},"108":{"loc":{"start":{"line":749,"column":4},"end":{"line":751,"column":null}},"type":"if","locations":[{"start":{"line":749,"column":4},"end":{"line":751,"column":null}},{"start":{},"end":{}}],"line":749},"109":{"loc":{"start":{"line":749,"column":8},"end":{"line":749,"column":41}},"type":"binary-expr","locations":[{"start":{"line":749,"column":8},"end":{"line":749,"column":18}},{"start":{"line":749,"column":22},"end":{"line":749,"column":41}}],"line":749},"110":{"loc":{"start":{"line":758,"column":2},"end":{"line":760,"column":null}},"type":"if","locations":[{"start":{"line":758,"column":2},"end":{"line":760,"column":null}},{"start":{},"end":{}}],"line":758},"111":{"loc":{"start":{"line":763,"column":44},"end":{"line":763,"column":56}},"type":"default-arg","locations":[{"start":{"line":763,"column":54},"end":{"line":763,"column":56}}],"line":763},"112":{"loc":{"start":{"line":764,"column":18},"end":{"line":764,"column":46}},"type":"cond-expr","locations":[{"start":{"line":764,"column":36},"end":{"line":764,"column":41}},{"start":{"line":764,"column":44},"end":{"line":764,"column":46}}],"line":764},"113":{"loc":{"start":{"line":765,"column":25},"end":{"line":765,"column":57}},"type":"cond-expr","locations":[{"start":{"line":765,"column":45},"end":{"line":765,"column":52}},{"start":{"line":765,"column":55},"end":{"line":765,"column":57}}],"line":765},"114":{"loc":{"start":{"line":771,"column":2},"end":{"line":776,"column":null}},"type":"if","locations":[{"start":{"line":771,"column":2},"end":{"line":776,"column":null}},{"start":{},"end":{}}],"line":771},"115":{"loc":{"start":{"line":778,"column":2},"end":{"line":786,"column":null}},"type":"if","locations":[{"start":{"line":778,"column":2},"end":{"line":786,"column":null}},{"start":{},"end":{}}],"line":778},"116":{"loc":{"start":{"line":790,"column":2},"end":{"line":796,"column":null}},"type":"if","locations":[{"start":{"line":790,"column":2},"end":{"line":796,"column":null}},{"start":{},"end":{}}],"line":790},"117":{"loc":{"start":{"line":800,"column":2},"end":{"line":806,"column":null}},"type":"if","locations":[{"start":{"line":800,"column":2},"end":{"line":806,"column":null}},{"start":{},"end":{}}],"line":800},"118":{"loc":{"start":{"line":835,"column":17},"end":{"line":835,"column":98}},"type":"binary-expr","locations":[{"start":{"line":835,"column":17},"end":{"line":835,"column":55}},{"start":{"line":835,"column":59},"end":{"line":835,"column":98}}],"line":835},"119":{"loc":{"start":{"line":837,"column":2},"end":{"line":839,"column":null}},"type":"if","locations":[{"start":{"line":837,"column":2},"end":{"line":839,"column":null}},{"start":{},"end":{}}],"line":837},"120":{"loc":{"start":{"line":841,"column":2},"end":{"line":843,"column":null}},"type":"if","locations":[{"start":{"line":841,"column":2},"end":{"line":843,"column":null}},{"start":{},"end":{}}],"line":841},"121":{"loc":{"start":{"line":845,"column":2},"end":{"line":848,"column":null}},"type":"if","locations":[{"start":{"line":845,"column":2},"end":{"line":848,"column":null}},{"start":{},"end":{}}],"line":845},"122":{"loc":{"start":{"line":850,"column":2},"end":{"line":852,"column":null}},"type":"if","locations":[{"start":{"line":850,"column":2},"end":{"line":852,"column":null}},{"start":{},"end":{}}],"line":850},"123":{"loc":{"start":{"line":854,"column":2},"end":{"line":876,"column":null}},"type":"if","locations":[{"start":{"line":854,"column":2},"end":{"line":876,"column":null}},{"start":{},"end":{}}],"line":854},"124":{"loc":{"start":{"line":854,"column":6},"end":{"line":854,"column":67}},"type":"binary-expr","locations":[{"start":{"line":854,"column":6},"end":{"line":854,"column":44}},{"start":{"line":854,"column":48},"end":{"line":854,"column":67}}],"line":854},"125":{"loc":{"start":{"line":878,"column":22},"end":{"line":878,"column":50}},"type":"binary-expr","locations":[{"start":{"line":878,"column":22},"end":{"line":878,"column":40}},{"start":{"line":878,"column":44},"end":{"line":878,"column":50}}],"line":878},"126":{"loc":{"start":{"line":880,"column":2},"end":{"line":882,"column":null}},"type":"if","locations":[{"start":{"line":880,"column":2},"end":{"line":882,"column":null}},{"start":{},"end":{}}],"line":880},"127":{"loc":{"start":{"line":885,"column":4},"end":{"line":889,"column":96}},"type":"cond-expr","locations":[{"start":{"line":886,"column":8},"end":{"line":886,"column":null}},{"start":{"line":887,"column":8},"end":{"line":889,"column":96}}],"line":885},"128":{"loc":{"start":{"line":887,"column":8},"end":{"line":889,"column":96}},"type":"cond-expr","locations":[{"start":{"line":888,"column":10},"end":{"line":888,"column":null}},{"start":{"line":889,"column":10},"end":{"line":889,"column":96}}],"line":887},"129":{"loc":{"start":{"line":892,"column":4},"end":{"line":896,"column":116}},"type":"cond-expr","locations":[{"start":{"line":893,"column":8},"end":{"line":893,"column":null}},{"start":{"line":894,"column":8},"end":{"line":896,"column":116}}],"line":892},"130":{"loc":{"start":{"line":894,"column":8},"end":{"line":896,"column":116}},"type":"cond-expr","locations":[{"start":{"line":895,"column":10},"end":{"line":895,"column":null}},{"start":{"line":896,"column":10},"end":{"line":896,"column":116}}],"line":894}},"s":{"0":2,"1":2,"2":2,"3":2,"4":2,"5":15997,"6":12708,"7":0,"8":12708,"9":0,"10":0,"11":12708,"12":2118,"13":2118,"14":10590,"15":2118,"16":10590,"17":8875,"18":56,"19":8819,"20":3160,"21":525,"22":2635,"23":2635,"24":2635,"25":1217,"26":1217,"27":1,"28":1216,"29":1216,"30":2635,"31":595,"32":3314,"33":3314,"34":39,"35":3275,"36":1625,"37":1625,"38":2,"39":1623,"40":4,"41":4,"42":3,"43":1,"44":1,"45":1068,"46":0,"47":0,"48":1068,"49":0,"50":1068,"51":1068,"52":1068,"53":0,"54":1068,"55":1068,"56":0,"57":1067,"58":1077,"59":1077,"60":1077,"61":1077,"62":1077,"63":2,"64":1075,"65":524,"66":0,"67":524,"68":524,"69":0,"70":524,"71":524,"72":524,"73":553,"74":2146,"75":524,"76":0,"77":0,"78":0,"79":0,"80":0,"81":524,"82":1,"83":523,"84":1071,"85":0,"86":1071,"87":1071,"88":1,"89":1070,"90":1070,"91":1,"92":1069,"93":1069,"94":1,"95":1068,"96":1068,"97":1,"98":1067,"99":1071,"100":544,"101":1,"102":543,"103":1,"104":542,"105":542,"106":1,"107":541,"108":544,"109":3,"110":1,"111":2,"112":538,"113":1,"114":537,"115":1,"116":536,"117":536,"118":1,"119":535,"120":535,"121":3,"122":532,"123":544,"124":544,"125":553,"126":543,"127":10,"128":3,"129":1,"130":2,"131":3,"132":3,"133":1,"134":1,"135":1,"136":7,"137":532,"138":532,"139":523,"140":1,"141":522,"142":531,"143":2,"144":1,"145":1,"146":1,"147":1,"148":0,"149":0,"150":529,"151":1,"152":528,"153":528,"154":21,"155":507,"156":1,"157":506,"158":506,"159":506,"160":24,"161":24,"162":1,"163":23,"164":24,"165":24,"166":1,"167":22,"168":1,"169":21,"170":503,"171":553,"172":2118,"173":27,"174":2,"175":524,"176":524,"177":36,"178":488,"179":40,"180":524,"181":1,"182":524,"183":21,"184":1,"185":523,"186":18,"187":18,"188":524,"189":524,"190":524,"191":1,"192":524,"193":21,"194":524,"195":524,"196":38,"197":3,"198":1,"199":38,"200":76,"201":76,"202":38,"203":0,"204":362,"205":191,"206":553,"207":553,"208":553,"209":553,"210":553,"211":553,"212":19,"213":534,"214":2,"215":532,"216":532,"217":4,"218":528,"219":528,"220":4,"221":524,"222":524,"223":524,"224":524,"225":524,"226":524,"227":524,"228":524,"229":524,"230":553,"231":76,"232":524,"233":37,"234":524,"235":57,"236":57,"237":524,"238":38,"239":524,"240":1,"241":1,"242":1,"243":523,"244":553,"245":95,"246":523,"247":553,"248":553},"f":{"0":15997,"1":12708,"2":0,"3":8875,"4":3160,"5":595,"6":3314,"7":1625,"8":4,"9":1,"10":1068,"11":1067,"12":1077,"13":524,"14":524,"15":0,"16":553,"17":2146,"18":524,"19":0,"20":0,"21":1071,"22":544,"23":553,"24":532,"25":528,"26":553,"27":2118,"28":27,"29":2,"30":524,"31":21,"32":18,"33":524,"34":38,"35":3,"36":1,"37":362,"38":553},"b":{"0":[15997,15993,5395],"1":[0,12708],"2":[0,12708],"3":[2118,10590],"4":[56,8819],"5":[525,2635],"6":[1217,0],"7":[1,1216],"8":[1217,1217],"9":[39,3275],"10":[2,1623],"11":[3,1],"12":[0,1068],"13":[0,0],"14":[0,1068],"15":[0,0],"16":[1068,0],"17":[0,1068],"18":[1067,1],"19":[1076,1],"20":[1077,0],"21":[2,1075],"22":[1077,1077],"23":[0,524],"24":[524,524],"25":[2,2146],"26":[0,524],"27":[0,0],"28":[1,523],"29":[524,1],"30":[0,1071],"31":[1,1070],"32":[1,1069],"33":[1,1068],"34":[1,1067],"35":[1067,0],"36":[1067,1067],"37":[0,0],"38":[1071,0],"39":[0,0],"40":[1071,0,0],"41":[0,0],"42":[1,543],"43":[1,542],"44":[1,541],"45":[1,0],"46":[541,0],"47":[3,541],"48":[1,2],"49":[2,1],"50":[1,537],"51":[1,536],"52":[1,535],"53":[3,532],"54":[532,0],"55":[532,532],"56":[544,0],"57":[532,0],"58":[543,10],"59":[3,7],"60":[1,2],"61":[1,1],"62":[1,0],"63":[523,9],"64":[1,522],"65":[2,529],"66":[1,1],"67":[1,0],"68":[0,0],"69":[1,528],"70":[529,2],"71":[21,507],"72":[1,506],"73":[1,23],"74":[23,0,0],"75":[24,0],"76":[1,23],"77":[1,21],"78":[22,21],"79":[20,1],"80":[24,19],"81":[24,1],"82":[0,1],"83":[27],"84":[27],"85":[36,488],"86":[524,521],"87":[40,448],"88":[488,449],"89":[1,523],"90":[1,523],"91":[21,20],"92":[18,505],"93":[523,486],"94":[478,46],"95":[487,37],"96":[522,2],"97":[522,2],"98":[1,523],"99":[524,523],"100":[1,20],"101":[21,20],"102":[20,0],"103":[21,19],"104":[429,95],"105":[3,35],"106":[34,4],"107":[3,2],"108":[38,38],"109":[76,39],"110":[191,171],"111":[553],"112":[547,6],"113":[552,1],"114":[19,534],"115":[2,532],"116":[4,528],"117":[4,524],"118":[524,478],"119":[76,477],"120":[37,487],"121":[57,467],"122":[38,486],"123":[1,523],"124":[524,523],"125":[523,428],"126":[95,458],"127":[428,95],"128":[57,38],"129":[428,95],"130":[57,38]},"meta":{"lastBranch":131,"lastFunction":39,"lastStatement":249,"seen":{"s:3:21:33:2":0,"s:35:24:35:45":1,"s:36:19:36:56":2,"s:38:39:64:2":3,"s:66:25:95:2":4,"f:97:9:97:17":0,"s:98:2:98:Infinity":5,"b:98:9:98:23:98:27:98:52:98:56:98:77":0,"f:101:9:101:19":1,"b:102:2:104:Infinity:undefined:undefined:undefined:undefined":1,"s:102:2:104:Infinity":6,"s:103:4:103:Infinity":7,"b:106:2:108:Infinity:undefined:undefined:undefined:undefined":2,"s:106:2:108:Infinity":8,"s:107:4:107:Infinity":9,"f:107:21:107:22":2,"s:107:32:107:49":10,"b:110:2:118:Infinity:undefined:undefined:undefined:undefined":3,"s:110:2:118:Infinity":11,"s:111:18:111:20":12,"s:113:4:115:Infinity":13,"s:114:6:114:Infinity":14,"s:117:4:117:Infinity":15,"s:120:2:120:Infinity":16,"f:123:9:123:22":3,"b:124:2:126:Infinity:undefined:undefined:undefined:undefined":4,"s:124:2:126:Infinity":17,"s:125:4:125:Infinity":18,"s:128:2:128:Infinity":19,"f:131:9:131:23":4,"b:132:2:134:Infinity:undefined:undefined:undefined:undefined":5,"s:132:2:134:Infinity":20,"s:133:4:133:Infinity":21,"s:136:17:136:19":22,"s:137:15:137:24":23,"s:139:2:148:Infinity":24,"s:140:23:140:57":25,"b:140:44:140:49:140:53:140:55":6,"b:142:4:144:Infinity:undefined:undefined:undefined:undefined":7,"s:142:4:144:Infinity":26,"b:142:8:142:31:142:35:142:55":8,"s:143:6:143:Infinity":27,"s:146:4:146:Infinity":28,"s:147:4:147:Infinity":29,"s:150:2:150:Infinity":30,"f:150:21:150:22":5,"s:150:38:150:63":31,"f:153:9:153:28":6,"s:154:21:154:41":32,"b:156:2:158:Infinity:undefined:undefined:undefined:undefined":9,"s:156:2:158:Infinity":33,"s:157:4:157:Infinity":34,"s:160:2:160:Infinity":35,"f:163:9:163:24":7,"s:164:21:164:55":36,"b:166:2:168:Infinity:undefined:undefined:undefined:undefined":10,"s:166:2:168:Infinity":37,"s:167:4:167:Infinity":38,"s:170:2:170:Infinity":39,"f:173:9:173:35":8,"s:174:21:174:54":40,"b:176:2:178:Infinity:undefined:undefined:undefined:undefined":11,"s:176:2:178:Infinity":41,"s:177:4:177:Infinity":42,"s:180:2:180:Infinity":43,"f:180:47:180:48":9,"s:180:58:180:83":44,"f:183:9:183:25":10,"b:184:2:187:Infinity:undefined:undefined:undefined:undefined":12,"s:184:2:187:Infinity":45,"s:185:19:185:34":46,"s:186:4:186:Infinity":47,"b:186:37:186:43:186:46:186:50":13,"b:189:2:191:Infinity:undefined:undefined:undefined:undefined":14,"s:189:2:191:Infinity":48,"s:190:4:190:Infinity":49,"b:190:36:190:53:190:56:190:60":15,"b:193:2:202:Infinity:undefined:undefined:undefined:undefined":16,"s:193:2:202:Infinity":50,"s:194:23:194:35":51,"b:196:4:198:Infinity:undefined:undefined:undefined:undefined":17,"s:196:4:198:Infinity":52,"s:197:6:197:Infinity":53,"s:200:19:200:41":54,"s:201:4:201:Infinity":55,"b:201:37:201:43:201:46:201:50":18,"s:204:2:204:Infinity":56,"f:207:9:207:14":11,"s:208:2:208:Infinity":57,"f:211:9:211:21":12,"s:212:16:212:35":58,"s:213:14:213:31":59,"s:214:20:214:54":60,"b:214:45:214:50:214:53:214:54":19,"s:215:19:215:61":61,"b:215:42:215:57:215:60:215:61":20,"b:217:2:219:Infinity:undefined:undefined:undefined:undefined":21,"s:217:2:219:Infinity":62,"b:217:6:217:32:217:36:217:48":22,"s:218:4:218:Infinity":63,"s:221:2:221:Infinity":64,"f:224:9:224:26":13,"b:225:2:227:Infinity:undefined:undefined:undefined:undefined":23,"s:225:2:227:Infinity":65,"b:225:6:225:29:225:33:225:53":24,"s:226:4:226:Infinity":66,"s:229:17:229:95":67,"f:229:34:229:35":14,"s:229:45:229:58":68,"f:229:65:229:66":15,"s:229:82:229:94":69,"s:230:16:230:68":70,"s:231:16:231:52":71,"s:233:2:233:Infinity":72,"f:236:9:236:27":16,"s:237:2:237:Infinity":73,"b:237:54:237:74:237:77:237:93":25,"f:237:77:237:78":17,"s:237:83:237:93":74,"f:240:9:240:31":18,"b:241:2:251:Infinity:undefined:undefined:undefined:undefined":26,"s:241:2:251:Infinity":75,"s:242:16:246:5":76,"f:244:13:244:14":19,"s:244:24:244:66":77,"f:245:16:245:17":20,"s:245:27:245:43":78,"b:248:4:250:Infinity:undefined:undefined:undefined:undefined":27,"s:248:4:250:Infinity":79,"s:249:6:249:Infinity":80,"b:253:2:255:Infinity:undefined:undefined:undefined:undefined":28,"s:253:2:255:Infinity":81,"b:253:6:253:47:253:51:253:79":29,"s:254:4:254:Infinity":82,"s:257:2:257:Infinity":83,"f:260:9:260:29":21,"b:261:2:266:Infinity:undefined:undefined:undefined:undefined":30,"s:261:2:266:Infinity":84,"s:262:4:265:Infinity":85,"s:268:17:268:63":86,"b:270:2:275:Infinity:undefined:undefined:undefined:undefined":31,"s:270:2:275:Infinity":87,"s:271:4:274:Infinity":88,"s:277:17:277:51":89,"b:279:2:284:Infinity:undefined:undefined:undefined:undefined":32,"s:279:2:284:Infinity":90,"s:280:4:283:Infinity":91,"s:286:16:286:47":92,"b:288:2:293:Infinity:undefined:undefined:undefined:undefined":33,"s:288:2:293:Infinity":93,"s:289:4:292:Infinity":94,"s:295:22:295:60":95,"b:297:2:302:Infinity:undefined:undefined:undefined:undefined":34,"s:297:2:302:Infinity":96,"s:298:4:301:Infinity":97,"s:305:4:309:11":98,"b:306:8:306:Infinity:307:8:309:11":35,"b:305:4:305:46:305:50:305:Infinity":36,"b:308:10:308:Infinity:309:10:309:11":37,"s:311:2:326:Infinity":99,"b:320:18:320:60:320:65:320:96":38,"b:320:85:320:89:320:92:320:96":39,"b:322:8:322:56:323:8:323:50:324:9:324:63":40,"b:324:29:324:33:324:36:324:63":41,"f:329:9:329:30":22,"b:330:2:335:Infinity:undefined:undefined:undefined:undefined":42,"s:330:2:335:Infinity":100,"s:331:4:334:Infinity":101,"b:337:2:342:Infinity:undefined:undefined:undefined:undefined":43,"s:337:2:342:Infinity":102,"s:338:4:341:Infinity":103,"s:344:21:344:59":104,"b:346:2:351:Infinity:undefined:undefined:undefined:undefined":44,"s:346:2:351:Infinity":105,"s:347:4:350:Infinity":106,"b:349:51:349:83:349:87:349:93":45,"s:353:27:353:98":107,"b:353:27:353:84:353:88:353:98":46,"b:355:2:376:Infinity:undefined:undefined:undefined:undefined":47,"s:355:2:376:Infinity":108,"b:356:4:361:Infinity:undefined:undefined:undefined:undefined":48,"s:356:4:361:Infinity":109,"s:357:6:360:Infinity":110,"s:363:4:375:Infinity":111,"b:368:14:368:42:368:46:368:87":49,"b:378:2:383:Infinity:undefined:undefined:undefined:undefined":50,"s:378:2:383:Infinity":112,"s:379:4:382:Infinity":113,"b:385:2:390:Infinity:undefined:undefined:undefined:undefined":51,"s:385:2:390:Infinity":114,"s:386:4:389:Infinity":115,"s:392:24:392:97":116,"b:394:2:396:Infinity:undefined:undefined:undefined:undefined":52,"s:394:2:396:Infinity":117,"s:395:4:395:Infinity":118,"s:398:25:398:101":119,"b:400:2:402:Infinity:undefined:undefined:undefined:undefined":53,"s:400:2:402:Infinity":120,"s:401:4:401:Infinity":121,"s:405:4:407:9":122,"b:406:8:406:Infinity:407:8:407:9":54,"b:405:4:405:55:405:59:405:Infinity":55,"s:410:4:411:52":123,"b:410:4:410:52:411:4:411:52":56,"s:413:2:428:Infinity":124,"b:426:10:426:Infinity:427:10:427:Infinity":57,"f:431:9:431:22":23,"b:432:2:434:Infinity:undefined:undefined:undefined:undefined":58,"s:432:2:434:Infinity":125,"s:433:4:433:Infinity":126,"b:436:2:462:Infinity:undefined:undefined:undefined:undefined":59,"s:436:2:462:Infinity":127,"b:437:4:442:Infinity:undefined:undefined:undefined:undefined":60,"s:437:4:442:Infinity":128,"s:438:6:441:Infinity":129,"s:444:29:446:10":130,"b:445:8:445:Infinity:446:8:446:10":61,"s:450:4:459:Infinity":131,"s:451:6:451:Infinity":132,"s:453:22:453:76":133,"b:453:47:453:60:453:63:453:76":62,"s:455:6:458:Infinity":134,"s:461:4:461:Infinity":135,"s:464:2:467:Infinity":136,"f:470:9:470:30":24,"s:471:23:471:25":137,"b:473:2:482:Infinity:undefined:undefined:undefined:undefined":63,"s:473:2:482:Infinity":138,"b:474:4:479:Infinity:undefined:undefined:undefined:undefined":64,"s:474:4:479:Infinity":139,"s:475:6:478:Infinity":140,"s:481:4:481:Infinity":141,"b:484:2:504:Infinity:undefined:undefined:undefined:undefined":65,"s:484:2:504:Infinity":142,"b:485:4:490:Infinity:undefined:undefined:undefined:undefined":66,"s:485:4:490:Infinity":143,"s:486:6:489:Infinity":144,"s:492:4:503:Infinity":145,"b:493:6:498:Infinity:undefined:undefined:undefined:undefined":67,"s:493:6:498:Infinity":146,"s:494:8:497:Infinity":147,"s:500:6:502:Infinity":148,"s:501:8:501:Infinity":149,"b:501:46:501:49:501:53:501:55":68,"b:506:2:511:Infinity:undefined:undefined:undefined:undefined":69,"s:506:2:511:Infinity":150,"b:506:6:506:47:506:51:506:99":70,"s:507:4:510:Infinity":151,"s:513:2:517:Infinity":152,"f:520:9:520:35":25,"b:521:2:526:Infinity:undefined:undefined:undefined:undefined":71,"s:521:2:526:Infinity":153,"s:522:4:525:Infinity":154,"b:528:2:533:Infinity:undefined:undefined:undefined:undefined":72,"s:528:2:533:Infinity":155,"s:529:4:532:Infinity":156,"s:535:21:535:23":157,"s:537:2:577:Infinity":158,"s:537:19:537:20":159,"s:538:22:538:54":160,"b:540:4:545:Infinity:undefined:undefined:undefined:undefined":73,"s:540:4:545:Infinity":161,"s:541:6:544:Infinity":162,"s:548:6:550:27":163,"b:548:6:548:39:549:6:549:33:550:6:550:27":74,"s:552:21:552:76":164,"b:552:37:552:55:552:59:552:75":75,"b:554:4:559:Infinity:undefined:undefined:undefined:undefined":76,"s:554:4:559:Infinity":165,"s:555:6:558:Infinity":166,"b:561:4:566:Infinity:undefined:undefined:undefined:undefined":77,"s:561:4:566:Infinity":167,"b:561:8:561:40:561:44:561:83":78,"s:562:6:565:Infinity":168,"s:568:4:576:Infinity":169,"b:571:58:571:76:571:79:571:98":79,"b:572:14:572:45:572:49:572:53":80,"b:574:8:574:49:575:9:575:62":81,"b:575:31:575:35:575:38:575:62":82,"s:579:2:582:Infinity":170,"f:585:9:585:21":26,"s:595:2:612:Infinity":171,"f:610:49:610:50":27,"s:610:60:610:77":172,"f:615:9:615:33":28,"b:615:57:615:58":83,"b:615:79:615:107":84,"s:616:2:633:Infinity":173,"f:636:9:636:28":29,"s:637:2:654:Infinity":174,"f:657:9:657:23":30,"s:658:16:658:22":175,"b:660:2:664:Infinity:662:9:664:Infinity":85,"s:660:2:664:Infinity":176,"b:660:6:660:26:660:30:660:51":86,"s:661:4:661:Infinity":177,"b:662:9:664:Infinity:undefined:undefined:undefined:undefined":87,"s:662:9:664:Infinity":178,"b:662:13:662:37:662:41:662:66":88,"s:663:4:663:Infinity":179,"b:666:2:668:Infinity:undefined:undefined:undefined:undefined":89,"s:666:2:668:Infinity":180,"s:667:4:667:Infinity":181,"b:670:2:674:Infinity:672:9:674:Infinity":90,"s:670:2:674:Infinity":182,"f:670:29:670:30":31,"s:670:41:670:86":183,"b:670:41:670:56:670:60:670:86":91,"s:671:4:671:Infinity":184,"b:672:9:674:Infinity:undefined:undefined:undefined:undefined":92,"s:672:9:674:Infinity":185,"b:672:13:672:31:672:35:672:101":93,"f:672:58:672:59":32,"s:672:70:672:100":186,"s:673:4:673:Infinity":187,"s:676:2:676:Infinity":188,"f:679:9:679:33":33,"s:680:18:702:3":189,"b:685:55:685:64:685:67:685:76":94,"b:692:56:692:65:692:68:692:77":95,"b:698:40:698:46:698:49:698:55":96,"b:699:40:699:49:699:52:699:59":97,"b:704:2:712:Infinity:undefined:undefined:undefined:undefined":98,"s:704:2:712:Infinity":190,"b:704:6:704:40:704:44:704:83":99,"s:705:4:711:Infinity":191,"s:714:2:722:Infinity":192,"s:715:4:721:Infinity":193,"b:719:62:719:69:719:72:719:126":100,"b:719:14:719:29:719:33:719:59":101,"b:719:105:719:114:719:117:719:126":102,"b:720:14:720:27:720:31:720:Infinity":103,"s:724:2:730:Infinity":194,"b:728:33:728:42:728:45:728:52":104,"s:732:2:732:Infinity":195,"f:735:9:735:30":34,"s:736:21:744:3":196,"b:737:46:737:77:737:80:737:84":105,"b:738:47:738:79:738:82:738:86":106,"f:740:14:740:15":35,"s:740:26:740:71":197,"b:740:26:740:41:740:45:740:71":107,"f:741:11:741:12":36,"s:741:23:741:40":198,"s:746:2:752:Infinity":199,"s:747:23:747:53":200,"b:749:4:751:Infinity:undefined:undefined:undefined:undefined":108,"s:749:4:751:Infinity":201,"b:749:8:749:18:749:22:749:41":109,"s:750:6:750:Infinity":202,"s:754:2:754:Infinity":203,"f:757:9:757:21":37,"b:758:2:760:Infinity:undefined:undefined:undefined:undefined":110,"s:758:2:760:Infinity":204,"s:759:4:759:Infinity":205,"f:763:16:763:36":38,"b:763:54:763:56":111,"s:764:18:764:46":206,"b:764:36:764:41:764:44:764:46":112,"s:765:25:765:57":207,"b:765:45:765:52:765:55:765:57":113,"s:766:16:766:50":208,"s:767:22:767:29":209,"s:769:27:769:65":210,"b:771:2:776:Infinity:undefined:undefined:undefined:undefined":114,"s:771:2:776:Infinity":211,"s:772:4:775:Infinity":212,"b:778:2:786:Infinity:undefined:undefined:undefined:undefined":115,"s:778:2:786:Infinity":213,"s:779:4:785:Infinity":214,"s:788:29:788:59":215,"b:790:2:796:Infinity:undefined:undefined:undefined:undefined":116,"s:790:2:796:Infinity":216,"s:791:4:795:Infinity":217,"s:798:38:798:73":218,"b:800:2:806:Infinity:undefined:undefined:undefined:undefined":117,"s:800:2:806:Infinity":219,"s:801:4:805:Infinity":220,"s:808:25:808:27":221,"s:809:29:809:36":222,"s:811:18:816:4":223,"s:818:2:818:Infinity":224,"s:820:26:820:57":225,"s:821:24:821:62":226,"s:823:30:828:4":227,"s:830:28:833:4":228,"s:835:17:835:98":229,"b:835:17:835:55:835:59:835:98":118,"b:837:2:839:Infinity:undefined:undefined:undefined:undefined":119,"s:837:2:839:Infinity":230,"s:838:4:838:Infinity":231,"b:841:2:843:Infinity:undefined:undefined:undefined:undefined":120,"s:841:2:843:Infinity":232,"s:842:4:842:Infinity":233,"b:845:2:848:Infinity:undefined:undefined:undefined:undefined":121,"s:845:2:848:Infinity":234,"s:846:4:846:Infinity":235,"s:847:4:847:Infinity":236,"b:850:2:852:Infinity:undefined:undefined:undefined:undefined":122,"s:850:2:852:Infinity":237,"s:851:4:851:Infinity":238,"b:854:2:876:Infinity:undefined:undefined:undefined:undefined":123,"s:854:2:876:Infinity":239,"b:854:6:854:44:854:48:854:67":124,"s:855:4:855:Infinity":240,"s:856:4:856:Infinity":241,"s:858:4:875:Infinity":242,"s:878:22:878:50":243,"b:878:22:878:40:878:44:878:50":125,"b:880:2:882:Infinity:undefined:undefined:undefined:undefined":126,"s:880:2:882:Infinity":244,"s:881:4:881:Infinity":245,"s:885:4:889:96":246,"b:886:8:886:Infinity:887:8:889:96":127,"b:888:10:888:Infinity:889:10:889:96":128,"s:892:4:896:116":247,"b:893:8:893:Infinity:894:8:896:116":129,"b:895:10:895:Infinity:896:10:896:116":130,"s:898:2:915:Infinity":248}}}
}
