{"total": {"lines":{"total":234,"covered":233,"skipped":0,"pct":99.57},"statements":{"total":242,"covered":240,"skipped":0,"pct":99.17},"functions":{"total":38,"covered":37,"skipped":0,"pct":97.36},"branches":{"total":254,"covered":252,"skipped":0,"pct":99.21},"branchesTrue":{"total":0,"covered":0,"skipped":0,"pct":"Unknown"}}
,"/root/.openclaw/workspace/projects/dashboard-openclaw/app/src/gate-verdict-calculator.js": {"lines":{"total":234,"covered":233,"skipped":0,"pct":99.57},"functions":{"total":38,"covered":37,"skipped":0,"pct":97.36},"statements":{"total":242,"covered":240,"skipped":0,"pct":99.17},"branches":{"total":254,"covered":252,"skipped":0,"pct":99.21}}
}
